mode: atomic
github.com/chilla55/proxy-manager/main.go:44.13,57.48 8 0
github.com/chilla55/proxy-manager/main.go:57.48,59.3 1 0
github.com/chilla55/proxy-manager/main.go:62.2,62.48 1 0
github.com/chilla55/proxy-manager/main.go:62.48,64.3 1 0
github.com/chilla55/proxy-manager/main.go:67.2,72.16 4 0
github.com/chilla55/proxy-manager/main.go:72.16,75.3 2 0
github.com/chilla55/proxy-manager/main.go:78.2,79.16 2 0
github.com/chilla55/proxy-manager/main.go:79.16,81.3 1 0
github.com/chilla55/proxy-manager/main.go:83.2,83.28 1 0
github.com/chilla55/proxy-manager/main.go:83.28,85.3 1 0
github.com/chilla55/proxy-manager/main.go:87.2,91.16 3 0
github.com/chilla55/proxy-manager/main.go:91.16,93.3 1 0
github.com/chilla55/proxy-manager/main.go:94.2,105.43 8 0
github.com/chilla55/proxy-manager/main.go:105.43,106.46 1 0
github.com/chilla55/proxy-manager/main.go:106.46,107.91 1 0
github.com/chilla55/proxy-manager/main.go:107.91,109.5 1 0
github.com/chilla55/proxy-manager/main.go:109.10,111.5 1 0
github.com/chilla55/proxy-manager/main.go:116.2,119.12 2 0
github.com/chilla55/proxy-manager/main.go:119.12,123.7 3 0
github.com/chilla55/proxy-manager/main.go:123.7,124.11 1 0
github.com/chilla55/proxy-manager/main.go:125.22,126.11 1 0
github.com/chilla55/proxy-manager/main.go:127.20,129.49 2 0
github.com/chilla55/proxy-manager/main.go:129.49,131.6 1 0
github.com/chilla55/proxy-manager/main.go:137.2,167.12 7 0
github.com/chilla55/proxy-manager/main.go:167.12,168.48 1 0
github.com/chilla55/proxy-manager/main.go:168.48,170.4 1 0
github.com/chilla55/proxy-manager/main.go:174.2,177.12 2 0
github.com/chilla55/proxy-manager/main.go:177.12,178.71 1 0
github.com/chilla55/proxy-manager/main.go:178.71,180.4 1 0
github.com/chilla55/proxy-manager/main.go:183.2,208.12 13 0
github.com/chilla55/proxy-manager/main.go:208.12,212.3 2 0
github.com/chilla55/proxy-manager/main.go:214.2,214.9 1 0
github.com/chilla55/proxy-manager/main.go:215.14,216.38 1 0
github.com/chilla55/proxy-manager/main.go:217.28,218.60 1 0
github.com/chilla55/proxy-manager/main.go:222.273,223.74 1 0
github.com/chilla55/proxy-manager/main.go:223.74,228.3 2 0
github.com/chilla55/proxy-manager/main.go:230.2,230.73 1 0
github.com/chilla55/proxy-manager/main.go:230.73,234.3 2 0
github.com/chilla55/proxy-manager/main.go:237.2,237.75 1 0
github.com/chilla55/proxy-manager/main.go:237.75,240.3 2 0
github.com/chilla55/proxy-manager/main.go:243.2,243.83 1 0
github.com/chilla55/proxy-manager/main.go:243.83,247.3 3 0
github.com/chilla55/proxy-manager/main.go:249.2,249.83 1 0
github.com/chilla55/proxy-manager/main.go:249.83,253.3 3 0
github.com/chilla55/proxy-manager/main.go:255.2,255.82 1 0
github.com/chilla55/proxy-manager/main.go:255.82,259.3 3 0
github.com/chilla55/proxy-manager/main.go:262.2,262.77 1 0
github.com/chilla55/proxy-manager/main.go:262.77,266.3 3 0
github.com/chilla55/proxy-manager/main.go:268.2,268.86 1 0
github.com/chilla55/proxy-manager/main.go:268.86,271.18 3 0
github.com/chilla55/proxy-manager/main.go:271.18,273.4 1 0
github.com/chilla55/proxy-manager/main.go:274.3,275.30 2 0
github.com/chilla55/proxy-manager/main.go:278.2,278.83 1 0
github.com/chilla55/proxy-manager/main.go:278.83,282.3 3 0
github.com/chilla55/proxy-manager/main.go:285.2,285.87 1 0
github.com/chilla55/proxy-manager/main.go:285.87,289.3 3 0
github.com/chilla55/proxy-manager/main.go:291.2,291.88 1 0
github.com/chilla55/proxy-manager/main.go:291.88,295.3 3 0
github.com/chilla55/proxy-manager/main.go:298.2,298.89 1 0
github.com/chilla55/proxy-manager/main.go:298.89,302.3 3 0
github.com/chilla55/proxy-manager/main.go:305.2,305.88 1 0
github.com/chilla55/proxy-manager/main.go:305.88,308.45 3 0
github.com/chilla55/proxy-manager/main.go:308.45,309.76 1 0
github.com/chilla55/proxy-manager/main.go:309.77,311.5 0 0
github.com/chilla55/proxy-manager/main.go:313.3,314.33 2 0
github.com/chilla55/proxy-manager/main.go:317.2,317.82 1 0
github.com/chilla55/proxy-manager/main.go:317.82,319.15 2 0
github.com/chilla55/proxy-manager/main.go:319.15,322.4 2 0
github.com/chilla55/proxy-manager/main.go:323.3,325.72 3 0
github.com/chilla55/proxy-manager/main.go:328.2,328.89 1 0
github.com/chilla55/proxy-manager/main.go:328.89,332.3 3 0
github.com/chilla55/proxy-manager/main.go:335.2,335.81 1 0
github.com/chilla55/proxy-manager/main.go:335.81,340.3 4 0
github.com/chilla55/proxy-manager/main.go:342.2,344.55 3 0
github.com/chilla55/proxy-manager/main.go:344.55,346.3 1 0
github.com/chilla55/proxy-manager/main.go:350.21,353.18 2 0
github.com/chilla55/proxy-manager/main.go:354.15,355.45 1 0
github.com/chilla55/proxy-manager/main.go:356.14,357.44 1 0
github.com/chilla55/proxy-manager/main.go:358.14,359.44 1 0
github.com/chilla55/proxy-manager/main.go:360.15,361.45 1 0
github.com/chilla55/proxy-manager/main.go:362.10,363.44 1 0
github.com/chilla55/proxy-manager/main.go:367.2,368.28 2 0
github.com/chilla55/proxy-manager/main.go:368.28,370.3 1 0
github.com/chilla55/proxy-manager/main.go:373.2,373.25 1 0
github.com/chilla55/proxy-manager/main.go:373.25,375.3 1 0
github.com/chilla55/proxy-manager/main.go:379.36,384.27 3 0
github.com/chilla55/proxy-manager/main.go:384.27,385.49 1 0
github.com/chilla55/proxy-manager/main.go:385.49,387.4 1 0
github.com/chilla55/proxy-manager/main.go:391.2,391.58 1 0
github.com/chilla55/proxy-manager/main.go:391.58,393.3 1 0
github.com/chilla55/proxy-manager/main.go:396.2,397.49 2 0
github.com/chilla55/proxy-manager/main.go:397.49,399.3 1 0
github.com/chilla55/proxy-manager/main.go:402.2,402.29 1 0
github.com/chilla55/proxy-manager/main.go:402.29,404.3 1 0
github.com/chilla55/proxy-manager/main.go:407.2,407.74 1 0
github.com/chilla55/proxy-manager/main.go:407.74,409.3 1 0
github.com/chilla55/proxy-manager/main.go:411.2,412.12 2 0
github.com/chilla55/proxy-manager/main.go:415.75,418.33 2 0
github.com/chilla55/proxy-manager/main.go:418.33,426.3 7 0
github.com/chilla55/proxy-manager/main.go:428.2,428.16 1 0
github.com/chilla55/proxy-manager/main.go:432.78,433.36 1 0
github.com/chilla55/proxy-manager/main.go:433.36,435.3 1 0
github.com/chilla55/proxy-manager/main.go:437.2,439.47 2 0
github.com/chilla55/proxy-manager/main.go:439.47,442.17 2 0
github.com/chilla55/proxy-manager/main.go:442.17,444.4 1 0
github.com/chilla55/proxy-manager/main.go:446.3,446.32 1 0
github.com/chilla55/proxy-manager/main.go:446.32,448.4 1 0
github.com/chilla55/proxy-manager/main.go:450.3,456.72 3 0
github.com/chilla55/proxy-manager/main.go:459.2,459.26 1 0
github.com/chilla55/proxy-manager/main.go:462.52,481.2 6 0
github.com/chilla55/proxy-manager/main.go:483.46,484.42 1 0
github.com/chilla55/proxy-manager/main.go:484.42,486.3 1 0
github.com/chilla55/proxy-manager/main.go:487.2,487.21 1 0
github.com/chilla55/proxy-manager/main.go:490.50,491.42 1 0
github.com/chilla55/proxy-manager/main.go:491.42,493.61 2 0
github.com/chilla55/proxy-manager/main.go:493.61,495.4 1 0
github.com/chilla55/proxy-manager/main.go:497.2,497.21 1 0
github.com/chilla55/proxy-manager/main.go:500.75,501.42 1 0
github.com/chilla55/proxy-manager/main.go:501.42,502.61 1 0
github.com/chilla55/proxy-manager/main.go:502.61,504.4 1 0
github.com/chilla55/proxy-manager/main.go:506.2,506.21 1 0
github.com/chilla55/proxy-manager/config/config.go:90.53,98.19 2 0
github.com/chilla55/proxy-manager/config/config.go:98.19,100.3 1 0
github.com/chilla55/proxy-manager/config/config.go:101.2,101.16 1 0
github.com/chilla55/proxy-manager/config/config.go:101.16,103.3 1 0
github.com/chilla55/proxy-manager/config/config.go:104.2,104.17 1 0
github.com/chilla55/proxy-manager/config/config.go:104.17,106.3 1 0
github.com/chilla55/proxy-manager/config/config.go:107.2,107.16 1 0
github.com/chilla55/proxy-manager/config/config.go:107.16,109.3 1 0
github.com/chilla55/proxy-manager/config/config.go:111.2,111.17 1 0
github.com/chilla55/proxy-manager/config/config.go:115.47,121.26 2 0
github.com/chilla55/proxy-manager/config/config.go:121.26,123.3 1 0
github.com/chilla55/proxy-manager/config/config.go:124.2,124.27 1 0
github.com/chilla55/proxy-manager/config/config.go:124.27,126.3 1 0
github.com/chilla55/proxy-manager/config/config.go:128.2,128.17 1 0
github.com/chilla55/proxy-manager/config/config.go:132.59,134.16 2 1
github.com/chilla55/proxy-manager/config/config.go:134.16,136.3 1 0
github.com/chilla55/proxy-manager/config/config.go:138.2,139.51 2 1
github.com/chilla55/proxy-manager/config/config.go:139.51,141.3 1 0
github.com/chilla55/proxy-manager/config/config.go:143.2,143.18 1 1
github.com/chilla55/proxy-manager/config/config.go:147.55,149.16 2 1
github.com/chilla55/proxy-manager/config/config.go:149.16,151.3 1 0
github.com/chilla55/proxy-manager/config/config.go:153.2,154.51 2 1
github.com/chilla55/proxy-manager/config/config.go:154.51,156.3 1 0
github.com/chilla55/proxy-manager/config/config.go:158.2,158.18 1 1
github.com/chilla55/proxy-manager/config/config.go:162.39,163.26 1 1
github.com/chilla55/proxy-manager/config/config.go:163.26,165.3 1 0
github.com/chilla55/proxy-manager/config/config.go:167.2,167.24 1 1
github.com/chilla55/proxy-manager/config/config.go:167.24,169.3 1 0
github.com/chilla55/proxy-manager/config/config.go:171.2,171.33 1 1
github.com/chilla55/proxy-manager/config/config.go:171.33,172.30 1 1
github.com/chilla55/proxy-manager/config/config.go:172.30,174.4 1 0
github.com/chilla55/proxy-manager/config/config.go:175.3,175.23 1 1
github.com/chilla55/proxy-manager/config/config.go:175.23,177.4 1 0
github.com/chilla55/proxy-manager/config/config.go:178.3,178.26 1 1
github.com/chilla55/proxy-manager/config/config.go:178.26,180.4 1 0
github.com/chilla55/proxy-manager/config/config.go:183.2,183.12 1 1
github.com/chilla55/proxy-manager/config/config.go:187.67,190.37 2 1
github.com/chilla55/proxy-manager/config/config.go:190.37,192.3 1 0
github.com/chilla55/proxy-manager/config/config.go:194.2,194.41 1 1
github.com/chilla55/proxy-manager/config/config.go:194.41,196.17 2 1
github.com/chilla55/proxy-manager/config/config.go:196.17,198.4 1 0
github.com/chilla55/proxy-manager/config/config.go:199.3,199.38 1 1
github.com/chilla55/proxy-manager/config/config.go:202.2,202.40 1 1
github.com/chilla55/proxy-manager/config/config.go:202.40,204.17 2 1
github.com/chilla55/proxy-manager/config/config.go:204.17,206.4 1 0
github.com/chilla55/proxy-manager/config/config.go:207.3,207.37 1 1
github.com/chilla55/proxy-manager/config/config.go:210.2,210.29 1 1
github.com/chilla55/proxy-manager/config/config.go:210.29,212.17 2 1
github.com/chilla55/proxy-manager/config/config.go:212.17,214.4 1 0
github.com/chilla55/proxy-manager/config/config.go:215.3,215.24 1 1
github.com/chilla55/proxy-manager/config/config.go:218.2,218.33 1 1
github.com/chilla55/proxy-manager/config/config.go:218.33,220.17 2 1
github.com/chilla55/proxy-manager/config/config.go:220.17,222.4 1 0
github.com/chilla55/proxy-manager/config/config.go:223.3,223.31 1 1
github.com/chilla55/proxy-manager/config/config.go:226.2,226.34 1 1
github.com/chilla55/proxy-manager/config/config.go:226.34,228.3 1 0
github.com/chilla55/proxy-manager/config/config.go:230.2,230.32 1 1
github.com/chilla55/proxy-manager/config/config.go:230.32,232.3 1 0
github.com/chilla55/proxy-manager/config/config.go:234.2,234.28 1 1
github.com/chilla55/proxy-manager/config/config.go:234.28,236.3 1 1
github.com/chilla55/proxy-manager/config/config.go:238.2,238.28 1 1
github.com/chilla55/proxy-manager/config/config.go:238.28,240.3 1 1
github.com/chilla55/proxy-manager/config/config.go:242.2,242.18 1 1
github.com/chilla55/proxy-manager/config/config.go:246.41,247.17 1 1
github.com/chilla55/proxy-manager/config/config.go:247.17,249.3 1 0
github.com/chilla55/proxy-manager/config/config.go:251.2,254.14 3 1
github.com/chilla55/proxy-manager/config/config.go:255.16,257.19 2 0
github.com/chilla55/proxy-manager/config/config.go:258.16,260.19 2 1
github.com/chilla55/proxy-manager/config/config.go:261.16,263.19 2 0
github.com/chilla55/proxy-manager/config/config.go:266.2,267.54 2 1
github.com/chilla55/proxy-manager/config/config.go:267.54,269.3 1 0
github.com/chilla55/proxy-manager/config/config.go:271.2,271.31 1 1
github.com/chilla55/proxy-manager/certmonitor/certmonitor.go:45.28,50.2 1 2
github.com/chilla55/proxy-manager/certmonitor/certmonitor.go:53.73,54.31 1 1
github.com/chilla55/proxy-manager/certmonitor/certmonitor.go:54.31,56.3 1 0
github.com/chilla55/proxy-manager/certmonitor/certmonitor.go:58.2,65.34 5 1
github.com/chilla55/proxy-manager/certmonitor/certmonitor.go:65.34,72.3 1 1
github.com/chilla55/proxy-manager/certmonitor/certmonitor.go:76.88,77.53 1 1
github.com/chilla55/proxy-manager/certmonitor/certmonitor.go:77.53,79.3 1 1
github.com/chilla55/proxy-manager/certmonitor/certmonitor.go:82.2,83.16 2 0
github.com/chilla55/proxy-manager/certmonitor/certmonitor.go:83.16,85.3 1 0
github.com/chilla55/proxy-manager/certmonitor/certmonitor.go:87.2,88.12 2 0
github.com/chilla55/proxy-manager/certmonitor/certmonitor.go:92.85,111.9 4 1
github.com/chilla55/proxy-manager/certmonitor/certmonitor.go:112.26,113.36 1 0
github.com/chilla55/proxy-manager/certmonitor/certmonitor.go:114.27,115.34 1 0
github.com/chilla55/proxy-manager/certmonitor/certmonitor.go:116.27,117.35 1 1
github.com/chilla55/proxy-manager/certmonitor/certmonitor.go:118.10,119.30 1 0
github.com/chilla55/proxy-manager/certmonitor/certmonitor.go:122.2,122.13 1 1
github.com/chilla55/proxy-manager/certmonitor/certmonitor.go:126.67,132.2 4 2
github.com/chilla55/proxy-manager/certmonitor/certmonitor.go:135.61,141.36 4 0
github.com/chilla55/proxy-manager/certmonitor/certmonitor.go:141.36,145.3 2 0
github.com/chilla55/proxy-manager/certmonitor/certmonitor.go:147.2,147.15 1 0
github.com/chilla55/proxy-manager/certmonitor/certmonitor.go:151.79,157.31 4 1
github.com/chilla55/proxy-manager/certmonitor/certmonitor.go:157.31,160.26 2 1
github.com/chilla55/proxy-manager/certmonitor/certmonitor.go:161.22,162.48 1 0
github.com/chilla55/proxy-manager/certmonitor/certmonitor.go:163.20,164.84 1 0
github.com/chilla55/proxy-manager/certmonitor/certmonitor.go:165.21,166.42 1 1
github.com/chilla55/proxy-manager/certmonitor/certmonitor.go:167.11,168.18 1 0
github.com/chilla55/proxy-manager/certmonitor/certmonitor.go:171.3,171.14 1 1
github.com/chilla55/proxy-manager/certmonitor/certmonitor.go:171.14,174.4 2 1
github.com/chilla55/proxy-manager/certmonitor/certmonitor.go:177.2,177.17 1 1
github.com/chilla55/proxy-manager/certmonitor/certmonitor.go:181.56,188.31 5 0
github.com/chilla55/proxy-manager/certmonitor/certmonitor.go:188.31,189.32 1 0
github.com/chilla55/proxy-manager/certmonitor/certmonitor.go:189.32,192.4 2 0
github.com/chilla55/proxy-manager/certmonitor/certmonitor.go:195.2,195.16 1 0
github.com/chilla55/proxy-manager/certmonitor/certmonitor.go:199.40,209.31 5 1
github.com/chilla55/proxy-manager/certmonitor/certmonitor.go:209.31,210.32 1 1
github.com/chilla55/proxy-manager/certmonitor/certmonitor.go:210.32,212.4 1 0
github.com/chilla55/proxy-manager/certmonitor/certmonitor.go:214.3,214.28 1 1
github.com/chilla55/proxy-manager/certmonitor/certmonitor.go:215.22,216.25 1 0
github.com/chilla55/proxy-manager/certmonitor/certmonitor.go:217.20,218.23 1 0
github.com/chilla55/proxy-manager/certmonitor/certmonitor.go:219.21,220.24 1 1
github.com/chilla55/proxy-manager/certmonitor/certmonitor.go:221.16,222.24 1 0
github.com/chilla55/proxy-manager/certmonitor/certmonitor.go:226.2,226.14 1 1
github.com/chilla55/proxy-manager/certmonitor/certmonitor.go:240.52,246.2 4 1
github.com/chilla55/proxy-manager/certmonitor/certmonitor.go:249.28,252.2 2 1
github.com/chilla55/proxy-manager/certmonitor/certmonitor.go:255.29,258.2 2 1
github.com/chilla55/proxy-manager/certmonitor/certmonitor.go:261.36,263.2 1 1
github.com/chilla55/proxy-manager/certmonitor/certmonitor.go:266.30,272.36 4 0
github.com/chilla55/proxy-manager/certmonitor/certmonitor.go:272.36,279.10 4 0
github.com/chilla55/proxy-manager/certmonitor/certmonitor.go:280.27,281.37 1 0
github.com/chilla55/proxy-manager/certmonitor/certmonitor.go:282.28,283.35 1 0
github.com/chilla55/proxy-manager/certmonitor/certmonitor.go:284.28,285.36 1 0
github.com/chilla55/proxy-manager/certmonitor/certmonitor.go:286.11,287.31 1 0
github.com/chilla55/proxy-manager/certmonitor/certmonitor.go:291.3,291.35 1 0
github.com/chilla55/proxy-manager/certmonitor/certmonitor.go:291.35,298.4 1 0
github.com/chilla55/proxy-manager/certmonitor/certmonitor.go:301.2,301.74 1 0
github.com/chilla55/proxy-manager/certmonitor/certmonitor.go:305.62,306.12 1 0
github.com/chilla55/proxy-manager/certmonitor/certmonitor.go:306.12,314.22 4 0
github.com/chilla55/proxy-manager/certmonitor/certmonitor.go:314.22,315.17 1 0
github.com/chilla55/proxy-manager/certmonitor/certmonitor.go:315.17,317.5 1 0
github.com/chilla55/proxy-manager/audit/audit.go:56.51,61.2 1 1
github.com/chilla55/proxy-manager/audit/audit.go:64.110,65.16 1 6
github.com/chilla55/proxy-manager/audit/audit.go:65.16,67.3 1 0
github.com/chilla55/proxy-manager/audit/audit.go:69.2,71.119 2 6
github.com/chilla55/proxy-manager/audit/audit.go:71.119,79.3 2 0
github.com/chilla55/proxy-manager/audit/audit.go:81.2,87.12 2 6
github.com/chilla55/proxy-manager/audit/audit.go:91.67,106.2 3 1
github.com/chilla55/proxy-manager/audit/audit.go:109.94,122.2 3 1
github.com/chilla55/proxy-manager/audit/audit.go:125.56,137.2 2 1
github.com/chilla55/proxy-manager/audit/audit.go:140.89,152.2 2 1
github.com/chilla55/proxy-manager/audit/audit.go:155.51,170.2 3 1
github.com/chilla55/proxy-manager/audit/audit.go:173.51,188.2 3 1
github.com/chilla55/proxy-manager/audit/audit.go:191.48,192.54 1 1
github.com/chilla55/proxy-manager/audit/audit.go:192.54,193.33 1 1
github.com/chilla55/proxy-manager/audit/audit.go:193.33,196.4 2 0
github.com/chilla55/proxy-manager/audit/audit.go:199.3,207.21 7 1
github.com/chilla55/proxy-manager/audit/audit.go:207.21,208.61 1 1
github.com/chilla55/proxy-manager/audit/audit.go:208.61,210.21 2 1
github.com/chilla55/proxy-manager/audit/audit.go:210.21,212.6 1 0
github.com/chilla55/proxy-manager/audit/audit.go:217.3,218.21 2 1
github.com/chilla55/proxy-manager/audit/audit.go:218.21,219.65 1 0
github.com/chilla55/proxy-manager/audit/audit.go:219.65,221.5 1 0
github.com/chilla55/proxy-manager/audit/audit.go:225.3,226.17 2 1
github.com/chilla55/proxy-manager/audit/audit.go:226.17,230.4 3 0
github.com/chilla55/proxy-manager/audit/audit.go:233.3,237.18 2 1
github.com/chilla55/proxy-manager/audit/audit.go:237.18,239.4 1 0
github.com/chilla55/proxy-manager/audit/audit.go:244.52,248.2 1 1
github.com/chilla55/proxy-manager/audit/audit.go:251.45,253.2 1 0
github.com/chilla55/proxy-manager/analytics/analytics.go:62.76,63.21 1 5
github.com/chilla55/proxy-manager/analytics/analytics.go:63.21,65.3 1 0
github.com/chilla55/proxy-manager/analytics/analytics.go:66.2,66.23 1 5
github.com/chilla55/proxy-manager/analytics/analytics.go:66.23,68.3 1 0
github.com/chilla55/proxy-manager/analytics/analytics.go:70.2,80.3 1 5
github.com/chilla55/proxy-manager/analytics/analytics.go:84.102,99.41 10 123
github.com/chilla55/proxy-manager/analytics/analytics.go:99.41,106.3 6 5
github.com/chilla55/proxy-manager/analytics/analytics.go:110.63,118.27 4 4
github.com/chilla55/proxy-manager/analytics/analytics.go:118.27,121.3 2 4
github.com/chilla55/proxy-manager/analytics/analytics.go:123.2,123.30 1 4
github.com/chilla55/proxy-manager/analytics/analytics.go:123.30,125.3 1 0
github.com/chilla55/proxy-manager/analytics/analytics.go:128.2,149.28 16 4
github.com/chilla55/proxy-manager/analytics/analytics.go:149.28,151.19 2 4
github.com/chilla55/proxy-manager/analytics/analytics.go:151.19,153.42 2 0
github.com/chilla55/proxy-manager/analytics/analytics.go:153.42,155.5 1 0
github.com/chilla55/proxy-manager/analytics/analytics.go:156.4,156.65 1 0
github.com/chilla55/proxy-manager/analytics/analytics.go:159.2,162.16 3 4
github.com/chilla55/proxy-manager/analytics/analytics.go:166.86,167.20 1 16
github.com/chilla55/proxy-manager/analytics/analytics.go:167.20,169.3 1 0
github.com/chilla55/proxy-manager/analytics/analytics.go:172.2,180.20 7 16
github.com/chilla55/proxy-manager/analytics/analytics.go:180.20,182.3 1 2
github.com/chilla55/proxy-manager/analytics/analytics.go:185.2,186.56 2 14
github.com/chilla55/proxy-manager/analytics/analytics.go:190.60,191.20 1 4
github.com/chilla55/proxy-manager/analytics/analytics.go:191.20,193.3 1 0
github.com/chilla55/proxy-manager/analytics/analytics.go:195.2,196.27 2 4
github.com/chilla55/proxy-manager/analytics/analytics.go:196.27,198.3 1 118
github.com/chilla55/proxy-manager/analytics/analytics.go:199.2,199.33 1 4
github.com/chilla55/proxy-manager/analytics/analytics.go:203.76,204.20 1 4
github.com/chilla55/proxy-manager/analytics/analytics.go:204.20,206.3 1 0
github.com/chilla55/proxy-manager/analytics/analytics.go:208.2,209.27 2 4
github.com/chilla55/proxy-manager/analytics/analytics.go:209.27,212.3 2 118
github.com/chilla55/proxy-manager/analytics/analytics.go:213.2,214.28 2 4
github.com/chilla55/proxy-manager/analytics/analytics.go:218.65,219.20 1 8
github.com/chilla55/proxy-manager/analytics/analytics.go:219.20,221.3 1 0
github.com/chilla55/proxy-manager/analytics/analytics.go:223.2,224.27 2 8
github.com/chilla55/proxy-manager/analytics/analytics.go:224.27,226.3 1 236
github.com/chilla55/proxy-manager/analytics/analytics.go:227.2,227.42 1 8
github.com/chilla55/proxy-manager/analytics/analytics.go:231.63,233.27 2 8
github.com/chilla55/proxy-manager/analytics/analytics.go:233.27,235.3 1 236
github.com/chilla55/proxy-manager/analytics/analytics.go:236.2,236.12 1 8
github.com/chilla55/proxy-manager/analytics/analytics.go:240.63,241.20 1 8
github.com/chilla55/proxy-manager/analytics/analytics.go:241.20,243.3 1 0
github.com/chilla55/proxy-manager/analytics/analytics.go:245.2,246.31 2 8
github.com/chilla55/proxy-manager/analytics/analytics.go:246.31,247.16 1 228
github.com/chilla55/proxy-manager/analytics/analytics.go:247.16,249.4 1 20
github.com/chilla55/proxy-manager/analytics/analytics.go:251.2,251.12 1 8
github.com/chilla55/proxy-manager/analytics/analytics.go:255.54,256.20 1 4
github.com/chilla55/proxy-manager/analytics/analytics.go:256.20,258.3 1 0
github.com/chilla55/proxy-manager/analytics/analytics.go:260.2,261.31 2 4
github.com/chilla55/proxy-manager/analytics/analytics.go:261.31,262.16 1 114
github.com/chilla55/proxy-manager/analytics/analytics.go:262.16,264.4 1 0
github.com/chilla55/proxy-manager/analytics/analytics.go:266.2,266.12 1 4
github.com/chilla55/proxy-manager/analytics/analytics.go:270.51,272.31 2 4
github.com/chilla55/proxy-manager/analytics/analytics.go:272.31,273.29 1 118
github.com/chilla55/proxy-manager/analytics/analytics.go:273.29,275.4 1 118
github.com/chilla55/proxy-manager/analytics/analytics.go:277.2,277.16 1 4
github.com/chilla55/proxy-manager/analytics/analytics.go:281.49,283.33 2 4
github.com/chilla55/proxy-manager/analytics/analytics.go:283.33,285.3 1 118
github.com/chilla55/proxy-manager/analytics/analytics.go:286.2,286.16 1 4
github.com/chilla55/proxy-manager/analytics/analytics.go:290.51,293.31 3 4
github.com/chilla55/proxy-manager/analytics/analytics.go:293.31,296.3 2 118
github.com/chilla55/proxy-manager/analytics/analytics.go:298.2,298.24 1 4
github.com/chilla55/proxy-manager/analytics/analytics.go:298.24,300.3 1 0
github.com/chilla55/proxy-manager/analytics/analytics.go:301.2,301.60 1 4
github.com/chilla55/proxy-manager/analytics/analytics.go:305.55,307.31 2 4
github.com/chilla55/proxy-manager/analytics/analytics.go:307.31,308.29 1 118
github.com/chilla55/proxy-manager/analytics/analytics.go:308.29,310.19 2 118
github.com/chilla55/proxy-manager/analytics/analytics.go:310.19,312.5 1 1
github.com/chilla55/proxy-manager/analytics/analytics.go:315.2,315.13 1 4
github.com/chilla55/proxy-manager/analytics/analytics.go:319.60,320.19 1 8
github.com/chilla55/proxy-manager/analytics/analytics.go:320.19,322.3 1 0
github.com/chilla55/proxy-manager/analytics/analytics.go:325.2,328.25 3 8
github.com/chilla55/proxy-manager/analytics/analytics.go:328.25,334.3 5 236
github.com/chilla55/proxy-manager/analytics/analytics.go:337.2,340.22 3 8
github.com/chilla55/proxy-manager/analytics/analytics.go:340.22,342.3 1 0
github.com/chilla55/proxy-manager/analytics/analytics.go:344.2,349.15 3 8
github.com/chilla55/proxy-manager/analytics/analytics.go:349.15,351.3 1 3
github.com/chilla55/proxy-manager/analytics/analytics.go:353.2,355.26 2 5
github.com/chilla55/proxy-manager/analytics/analytics.go:355.26,357.3 1 1
github.com/chilla55/proxy-manager/analytics/analytics.go:357.8,357.34 1 4
github.com/chilla55/proxy-manager/analytics/analytics.go:357.34,359.3 1 0
github.com/chilla55/proxy-manager/analytics/analytics.go:360.2,360.17 1 4
github.com/chilla55/proxy-manager/analytics/analytics.go:364.30,377.2 10 0
github.com/chilla55/proxy-manager/accesslog/accesslog.go:33.53,34.21 1 1
github.com/chilla55/proxy-manager/accesslog/accesslog.go:34.21,36.3 1 0
github.com/chilla55/proxy-manager/accesslog/accesslog.go:38.2,43.3 1 1
github.com/chilla55/proxy-manager/accesslog/accesslog.go:47.51,48.16 1 2
github.com/chilla55/proxy-manager/accesslog/accesslog.go:48.16,50.3 1 0
github.com/chilla55/proxy-manager/accesslog/accesslog.go:53.2,53.26 1 2
github.com/chilla55/proxy-manager/accesslog/accesslog.go:53.26,55.3 1 2
github.com/chilla55/proxy-manager/accesslog/accesslog.go:58.2,64.12 5 2
github.com/chilla55/proxy-manager/accesslog/accesslog.go:64.12,65.54 1 2
github.com/chilla55/proxy-manager/accesslog/accesslog.go:65.54,71.4 1 0
github.com/chilla55/proxy-manager/accesslog/accesslog.go:75.2,75.25 1 2
github.com/chilla55/proxy-manager/accesslog/accesslog.go:75.25,77.26 2 1
github.com/chilla55/proxy-manager/accesslog/accesslog.go:77.26,79.4 1 0
github.com/chilla55/proxy-manager/accesslog/accesslog.go:81.3,89.24 1 1
github.com/chilla55/proxy-manager/accesslog/accesslog.go:94.64,95.40 1 1
github.com/chilla55/proxy-manager/accesslog/accesslog.go:95.40,97.3 1 0
github.com/chilla55/proxy-manager/accesslog/accesslog.go:99.2,106.42 5 1
github.com/chilla55/proxy-manager/accesslog/accesslog.go:106.42,107.21 1 10
github.com/chilla55/proxy-manager/accesslog/accesslog.go:107.21,109.4 1 0
github.com/chilla55/proxy-manager/accesslog/accesslog.go:110.3,110.19 1 10
github.com/chilla55/proxy-manager/accesslog/accesslog.go:110.19,111.47 1 2
github.com/chilla55/proxy-manager/accesslog/accesslog.go:111.47,114.5 2 2
github.com/chilla55/proxy-manager/accesslog/accesslog.go:119.2,119.56 1 1
github.com/chilla55/proxy-manager/accesslog/accesslog.go:119.56,121.3 1 1
github.com/chilla55/proxy-manager/accesslog/accesslog.go:123.2,123.16 1 1
github.com/chilla55/proxy-manager/accesslog/accesslog.go:127.62,134.42 5 1
github.com/chilla55/proxy-manager/accesslog/accesslog.go:134.42,135.21 1 10
github.com/chilla55/proxy-manager/accesslog/accesslog.go:135.21,137.4 1 0
github.com/chilla55/proxy-manager/accesslog/accesslog.go:138.3,138.19 1 10
github.com/chilla55/proxy-manager/accesslog/accesslog.go:138.19,139.70 1 2
github.com/chilla55/proxy-manager/accesslog/accesslog.go:139.70,142.5 2 1
github.com/chilla55/proxy-manager/accesslog/accesslog.go:147.2,147.55 1 1
github.com/chilla55/proxy-manager/accesslog/accesslog.go:147.55,149.3 1 0
github.com/chilla55/proxy-manager/accesslog/accesslog.go:151.2,151.15 1 1
github.com/chilla55/proxy-manager/accesslog/accesslog.go:155.38,167.42 7 1
github.com/chilla55/proxy-manager/accesslog/accesslog.go:167.42,168.19 1 10
github.com/chilla55/proxy-manager/accesslog/accesslog.go:168.19,169.47 1 2
github.com/chilla55/proxy-manager/accesslog/accesslog.go:169.47,173.28 3 2
github.com/chilla55/proxy-manager/accesslog/accesslog.go:173.28,175.6 1 1
github.com/chilla55/proxy-manager/accesslog/accesslog.go:177.5,178.33 2 2
github.com/chilla55/proxy-manager/accesslog/accesslog.go:183.2,183.28 1 1
github.com/chilla55/proxy-manager/accesslog/accesslog.go:183.28,186.3 2 1
github.com/chilla55/proxy-manager/accesslog/accesslog.go:188.2,191.14 3 1
github.com/chilla55/proxy-manager/accesslog/accesslog.go:206.27,209.2 2 1
github.com/chilla55/proxy-manager/accesslog/accesslog.go:212.28,215.2 2 1
github.com/chilla55/proxy-manager/accesslog/accesslog.go:218.35,220.2 1 2
github.com/chilla55/proxy-manager/accesslog/accesslog.go:223.26,229.2 4 1
github.com/chilla55/proxy-manager/database/database.go:49.37,53.16 3 1
github.com/chilla55/proxy-manager/database/database.go:53.16,55.3 1 0
github.com/chilla55/proxy-manager/database/database.go:58.2,63.34 4 1
github.com/chilla55/proxy-manager/database/database.go:63.34,65.3 1 0
github.com/chilla55/proxy-manager/database/database.go:67.2,70.45 2 1
github.com/chilla55/proxy-manager/database/database.go:70.45,73.3 2 0
github.com/chilla55/proxy-manager/database/database.go:75.2,76.21 2 1
github.com/chilla55/proxy-manager/database/database.go:80.34,266.16 3 1
github.com/chilla55/proxy-manager/database/database.go:266.16,268.3 1 0
github.com/chilla55/proxy-manager/database/database.go:270.2,270.12 1 1
github.com/chilla55/proxy-manager/database/database.go:274.49,290.2 3 1
github.com/chilla55/proxy-manager/database/database.go:293.50,304.2 3 1
github.com/chilla55/proxy-manager/database/database.go:307.55,319.32 3 1
github.com/chilla55/proxy-manager/database/database.go:319.32,320.43 1 6
github.com/chilla55/proxy-manager/database/database.go:320.43,322.4 1 0
github.com/chilla55/proxy-manager/database/database.go:326.2,326.45 1 1
github.com/chilla55/proxy-manager/database/database.go:326.45,328.3 1 0
github.com/chilla55/proxy-manager/database/database.go:330.2,330.12 1 1
github.com/chilla55/proxy-manager/database/database.go:362.87,380.16 3 0
github.com/chilla55/proxy-manager/database/database.go:380.16,388.3 2 0
github.com/chilla55/proxy-manager/database/database.go:390.2,390.12 1 0
github.com/chilla55/proxy-manager/database/database.go:394.83,414.16 3 0
github.com/chilla55/proxy-manager/database/database.go:414.16,422.3 2 0
github.com/chilla55/proxy-manager/database/database.go:424.2,424.12 1 0
github.com/chilla55/proxy-manager/database/database.go:428.118,449.16 3 1
github.com/chilla55/proxy-manager/database/database.go:449.16,456.3 2 0
github.com/chilla55/proxy-manager/database/database.go:458.2,458.12 1 1
github.com/chilla55/proxy-manager/database/database.go:476.107,485.18 3 1
github.com/chilla55/proxy-manager/database/database.go:485.18,488.3 2 0
github.com/chilla55/proxy-manager/database/database.go:490.2,490.24 1 1
github.com/chilla55/proxy-manager/database/database.go:490.24,493.3 2 0
github.com/chilla55/proxy-manager/database/database.go:495.2,495.21 1 1
github.com/chilla55/proxy-manager/database/database.go:495.21,498.3 2 0
github.com/chilla55/proxy-manager/database/database.go:500.2,504.16 4 1
github.com/chilla55/proxy-manager/database/database.go:504.16,506.3 1 0
github.com/chilla55/proxy-manager/database/database.go:507.2,510.18 3 1
github.com/chilla55/proxy-manager/database/database.go:510.18,524.17 3 0
github.com/chilla55/proxy-manager/database/database.go:524.17,526.12 2 0
github.com/chilla55/proxy-manager/database/database.go:528.3,528.35 1 0
github.com/chilla55/proxy-manager/database/database.go:531.2,531.21 1 1
github.com/chilla55/proxy-manager/database/database.go:535.70,541.25 4 0
github.com/chilla55/proxy-manager/database/database.go:541.25,544.3 2 0
github.com/chilla55/proxy-manager/database/database.go:544.8,547.3 2 0
github.com/chilla55/proxy-manager/database/database.go:549.2,550.16 2 0
github.com/chilla55/proxy-manager/database/database.go:550.16,557.3 2 0
github.com/chilla55/proxy-manager/database/database.go:559.2,560.14 2 0
github.com/chilla55/proxy-manager/database/database.go:560.14,566.3 1 0
github.com/chilla55/proxy-manager/database/database.go:568.2,568.12 1 0
github.com/chilla55/proxy-manager/database/database.go:572.72,581.25 5 1
github.com/chilla55/proxy-manager/database/database.go:581.25,584.3 2 1
github.com/chilla55/proxy-manager/database/database.go:584.8,587.3 2 0
github.com/chilla55/proxy-manager/database/database.go:589.2,590.16 2 1
github.com/chilla55/proxy-manager/database/database.go:590.16,597.3 2 0
github.com/chilla55/proxy-manager/database/database.go:599.2,606.25 5 1
github.com/chilla55/proxy-manager/database/database.go:606.25,609.3 2 1
github.com/chilla55/proxy-manager/database/database.go:609.8,612.3 2 0
github.com/chilla55/proxy-manager/database/database.go:614.2,615.16 2 1
github.com/chilla55/proxy-manager/database/database.go:615.16,622.3 2 0
github.com/chilla55/proxy-manager/database/database.go:624.2,627.19 3 1
github.com/chilla55/proxy-manager/database/database.go:627.19,635.3 1 0
github.com/chilla55/proxy-manager/database/database.go:637.2,637.12 1 1
github.com/chilla55/proxy-manager/database/database.go:641.48,645.16 3 1
github.com/chilla55/proxy-manager/database/database.go:645.16,651.3 2 0
github.com/chilla55/proxy-manager/database/database.go:653.2,654.14 2 1
github.com/chilla55/proxy-manager/database/database.go:654.14,659.3 1 1
github.com/chilla55/proxy-manager/database/database.go:661.2,661.12 1 1
github.com/chilla55/proxy-manager/database/database.go:665.67,671.25 4 1
github.com/chilla55/proxy-manager/database/database.go:671.25,674.3 2 1
github.com/chilla55/proxy-manager/database/database.go:674.8,677.3 2 0
github.com/chilla55/proxy-manager/database/database.go:679.2,680.16 2 1
github.com/chilla55/proxy-manager/database/database.go:680.16,687.3 2 0
github.com/chilla55/proxy-manager/database/database.go:689.2,690.14 2 1
github.com/chilla55/proxy-manager/database/database.go:690.14,696.3 1 0
github.com/chilla55/proxy-manager/database/database.go:698.2,698.12 1 1
github.com/chilla55/proxy-manager/database/database.go:702.51,706.16 3 0
github.com/chilla55/proxy-manager/database/database.go:706.16,712.3 2 0
github.com/chilla55/proxy-manager/database/database.go:714.2,715.14 2 0
github.com/chilla55/proxy-manager/database/database.go:715.14,720.3 1 0
github.com/chilla55/proxy-manager/database/database.go:722.2,722.12 1 0
github.com/chilla55/proxy-manager/database/database.go:726.131,744.16 3 1
github.com/chilla55/proxy-manager/database/database.go:744.16,750.3 2 0
github.com/chilla55/proxy-manager/database/database.go:752.2,752.12 1 1
github.com/chilla55/proxy-manager/database/database.go:756.93,766.16 3 1
github.com/chilla55/proxy-manager/database/database.go:766.16,768.3 1 0
github.com/chilla55/proxy-manager/database/database.go:769.2,772.18 3 1
github.com/chilla55/proxy-manager/database/database.go:772.18,785.17 4 1
github.com/chilla55/proxy-manager/database/database.go:785.17,787.12 2 0
github.com/chilla55/proxy-manager/database/database.go:790.3,790.21 1 1
github.com/chilla55/proxy-manager/database/database.go:790.21,792.4 1 1
github.com/chilla55/proxy-manager/database/database.go:794.3,794.36 1 1
github.com/chilla55/proxy-manager/database/database.go:797.2,797.21 1 1
github.com/chilla55/proxy-manager/database/database.go:801.60,831.2 3 1
github.com/chilla55/proxy-manager/database/database.go:834.70,847.16 3 1
github.com/chilla55/proxy-manager/database/database.go:847.16,849.3 1 0
github.com/chilla55/proxy-manager/database/database.go:850.2,853.18 3 1
github.com/chilla55/proxy-manager/database/database.go:853.18,875.17 4 1
github.com/chilla55/proxy-manager/database/database.go:875.17,877.4 1 0
github.com/chilla55/proxy-manager/database/database.go:879.3,879.18 1 1
github.com/chilla55/proxy-manager/database/database.go:879.18,881.4 1 1
github.com/chilla55/proxy-manager/database/database.go:882.3,882.22 1 1
github.com/chilla55/proxy-manager/database/database.go:882.22,884.4 1 1
github.com/chilla55/proxy-manager/database/database.go:885.3,885.22 1 1
github.com/chilla55/proxy-manager/database/database.go:885.22,887.4 1 1
github.com/chilla55/proxy-manager/database/database.go:888.3,888.20 1 1
github.com/chilla55/proxy-manager/database/database.go:888.20,890.4 1 1
github.com/chilla55/proxy-manager/database/database.go:891.3,891.21 1 1
github.com/chilla55/proxy-manager/database/database.go:891.21,893.4 1 1
github.com/chilla55/proxy-manager/database/database.go:894.3,894.19 1 1
github.com/chilla55/proxy-manager/database/database.go:894.19,896.4 1 1
github.com/chilla55/proxy-manager/database/database.go:898.3,898.35 1 1
github.com/chilla55/proxy-manager/database/database.go:901.2,901.28 1 1
github.com/chilla55/proxy-manager/database/database.go:905.85,919.16 3 1
github.com/chilla55/proxy-manager/database/database.go:919.16,921.3 1 0
github.com/chilla55/proxy-manager/database/database.go:922.2,925.18 3 1
github.com/chilla55/proxy-manager/database/database.go:925.18,947.17 4 1
github.com/chilla55/proxy-manager/database/database.go:947.17,949.4 1 0
github.com/chilla55/proxy-manager/database/database.go:951.3,951.18 1 1
github.com/chilla55/proxy-manager/database/database.go:951.18,953.4 1 1
github.com/chilla55/proxy-manager/database/database.go:954.3,954.22 1 1
github.com/chilla55/proxy-manager/database/database.go:954.22,956.4 1 1
github.com/chilla55/proxy-manager/database/database.go:957.3,957.22 1 1
github.com/chilla55/proxy-manager/database/database.go:957.22,959.4 1 1
github.com/chilla55/proxy-manager/database/database.go:960.3,960.20 1 1
github.com/chilla55/proxy-manager/database/database.go:960.20,962.4 1 1
github.com/chilla55/proxy-manager/database/database.go:963.3,963.21 1 1
github.com/chilla55/proxy-manager/database/database.go:963.21,965.4 1 1
github.com/chilla55/proxy-manager/database/database.go:966.3,966.19 1 1
github.com/chilla55/proxy-manager/database/database.go:966.19,968.4 1 1
github.com/chilla55/proxy-manager/database/database.go:970.3,970.35 1 1
github.com/chilla55/proxy-manager/database/database.go:973.2,973.28 1 1
github.com/chilla55/proxy-manager/database/database.go:977.69,991.16 3 1
github.com/chilla55/proxy-manager/database/database.go:991.16,993.3 1 0
github.com/chilla55/proxy-manager/database/database.go:994.2,997.18 3 1
github.com/chilla55/proxy-manager/database/database.go:997.18,1019.17 4 0
github.com/chilla55/proxy-manager/database/database.go:1019.17,1021.4 1 0
github.com/chilla55/proxy-manager/database/database.go:1023.3,1023.18 1 0
github.com/chilla55/proxy-manager/database/database.go:1023.18,1025.4 1 0
github.com/chilla55/proxy-manager/database/database.go:1026.3,1026.22 1 0
github.com/chilla55/proxy-manager/database/database.go:1026.22,1028.4 1 0
github.com/chilla55/proxy-manager/database/database.go:1029.3,1029.22 1 0
github.com/chilla55/proxy-manager/database/database.go:1029.22,1031.4 1 0
github.com/chilla55/proxy-manager/database/database.go:1032.3,1032.20 1 0
github.com/chilla55/proxy-manager/database/database.go:1032.20,1034.4 1 0
github.com/chilla55/proxy-manager/database/database.go:1035.3,1035.21 1 0
github.com/chilla55/proxy-manager/database/database.go:1035.21,1037.4 1 0
github.com/chilla55/proxy-manager/database/database.go:1038.3,1038.19 1 0
github.com/chilla55/proxy-manager/database/database.go:1038.19,1040.4 1 0
github.com/chilla55/proxy-manager/database/database.go:1042.3,1042.35 1 0
github.com/chilla55/proxy-manager/database/database.go:1045.2,1045.28 1 1
github.com/chilla55/proxy-manager/ratelimit/ratelimit.go:49.54,50.33 1 5
github.com/chilla55/proxy-manager/ratelimit/ratelimit.go:50.33,52.3 1 5
github.com/chilla55/proxy-manager/ratelimit/ratelimit.go:53.2,53.34 1 5
github.com/chilla55/proxy-manager/ratelimit/ratelimit.go:53.34,55.3 1 5
github.com/chilla55/proxy-manager/ratelimit/ratelimit.go:56.2,56.27 1 5
github.com/chilla55/proxy-manager/ratelimit/ratelimit.go:56.27,58.3 1 5
github.com/chilla55/proxy-manager/ratelimit/ratelimit.go:60.2,66.3 1 5
github.com/chilla55/proxy-manager/ratelimit/ratelimit.go:70.46,71.16 1 0
github.com/chilla55/proxy-manager/ratelimit/ratelimit.go:71.16,73.3 1 0
github.com/chilla55/proxy-manager/ratelimit/ratelimit.go:75.2,80.6 4 0
github.com/chilla55/proxy-manager/ratelimit/ratelimit.go:80.6,81.10 1 0
github.com/chilla55/proxy-manager/ratelimit/ratelimit.go:82.21,84.10 2 0
github.com/chilla55/proxy-manager/ratelimit/ratelimit.go:85.19,86.15 1 0
github.com/chilla55/proxy-manager/ratelimit/ratelimit.go:92.76,93.46 1 2
github.com/chilla55/proxy-manager/ratelimit/ratelimit.go:93.46,94.72 1 2
github.com/chilla55/proxy-manager/ratelimit/ratelimit.go:94.72,95.18 1 8
github.com/chilla55/proxy-manager/ratelimit/ratelimit.go:95.18,98.5 2 0
github.com/chilla55/proxy-manager/ratelimit/ratelimit.go:100.4,103.27 2 8
github.com/chilla55/proxy-manager/ratelimit/ratelimit.go:103.27,106.5 2 5
github.com/chilla55/proxy-manager/ratelimit/ratelimit.go:109.4,110.16 2 3
github.com/chilla55/proxy-manager/ratelimit/ratelimit.go:110.16,122.5 5 1
github.com/chilla55/proxy-manager/ratelimit/ratelimit.go:124.4,124.24 1 2
github.com/chilla55/proxy-manager/ratelimit/ratelimit.go:130.58,138.13 5 11
github.com/chilla55/proxy-manager/ratelimit/ratelimit.go:138.13,144.3 2 4
github.com/chilla55/proxy-manager/ratelimit/ratelimit.go:147.2,147.32 1 11
github.com/chilla55/proxy-manager/ratelimit/ratelimit.go:147.32,150.3 2 0
github.com/chilla55/proxy-manager/ratelimit/ratelimit.go:153.2,158.63 4 11
github.com/chilla55/proxy-manager/ratelimit/ratelimit.go:158.63,160.24 2 2
github.com/chilla55/proxy-manager/ratelimit/ratelimit.go:160.24,168.4 2 0
github.com/chilla55/proxy-manager/ratelimit/ratelimit.go:171.3,171.18 1 2
github.com/chilla55/proxy-manager/ratelimit/ratelimit.go:171.18,173.4 1 2
github.com/chilla55/proxy-manager/ratelimit/ratelimit.go:175.3,175.115 1 2
github.com/chilla55/proxy-manager/ratelimit/ratelimit.go:179.2,180.43 2 9
github.com/chilla55/proxy-manager/ratelimit/ratelimit.go:180.43,182.24 2 1
github.com/chilla55/proxy-manager/ratelimit/ratelimit.go:182.24,184.4 1 0
github.com/chilla55/proxy-manager/ratelimit/ratelimit.go:187.3,187.18 1 1
github.com/chilla55/proxy-manager/ratelimit/ratelimit.go:187.18,189.4 1 1
github.com/chilla55/proxy-manager/ratelimit/ratelimit.go:191.3,191.112 1 1
github.com/chilla55/proxy-manager/ratelimit/ratelimit.go:195.2,199.22 3 8
github.com/chilla55/proxy-manager/ratelimit/ratelimit.go:199.22,201.3 1 0
github.com/chilla55/proxy-manager/ratelimit/ratelimit.go:203.2,203.17 1 8
github.com/chilla55/proxy-manager/ratelimit/ratelimit.go:207.55,212.37 3 1
github.com/chilla55/proxy-manager/ratelimit/ratelimit.go:212.37,214.17 2 1
github.com/chilla55/proxy-manager/ratelimit/ratelimit.go:214.17,216.4 1 0
github.com/chilla55/proxy-manager/ratelimit/ratelimit.go:217.8,219.35 1 0
github.com/chilla55/proxy-manager/ratelimit/ratelimit.go:219.35,221.4 1 0
github.com/chilla55/proxy-manager/ratelimit/ratelimit.go:224.2,226.12 3 1
github.com/chilla55/proxy-manager/ratelimit/ratelimit.go:230.49,235.21 3 8
github.com/chilla55/proxy-manager/ratelimit/ratelimit.go:235.21,237.3 1 0
github.com/chilla55/proxy-manager/ratelimit/ratelimit.go:240.2,241.21 2 8
github.com/chilla55/proxy-manager/ratelimit/ratelimit.go:241.21,243.3 1 0
github.com/chilla55/proxy-manager/ratelimit/ratelimit.go:245.2,245.32 1 8
github.com/chilla55/proxy-manager/ratelimit/ratelimit.go:245.32,246.35 1 5
github.com/chilla55/proxy-manager/ratelimit/ratelimit.go:246.35,247.12 1 0
github.com/chilla55/proxy-manager/ratelimit/ratelimit.go:250.3,251.17 2 5
github.com/chilla55/proxy-manager/ratelimit/ratelimit.go:251.17,252.12 1 0
github.com/chilla55/proxy-manager/ratelimit/ratelimit.go:255.3,255.33 1 5
github.com/chilla55/proxy-manager/ratelimit/ratelimit.go:255.33,257.4 1 5
github.com/chilla55/proxy-manager/ratelimit/ratelimit.go:260.2,260.14 1 3
github.com/chilla55/proxy-manager/ratelimit/ratelimit.go:264.29,271.31 5 0
github.com/chilla55/proxy-manager/ratelimit/ratelimit.go:271.31,277.58 3 0
github.com/chilla55/proxy-manager/ratelimit/ratelimit.go:277.58,279.4 1 0
github.com/chilla55/proxy-manager/ratelimit/ratelimit.go:282.2,282.89 1 0
github.com/chilla55/proxy-manager/ratelimit/ratelimit.go:286.53,291.30 4 1
github.com/chilla55/proxy-manager/ratelimit/ratelimit.go:291.30,292.40 1 1
github.com/chilla55/proxy-manager/ratelimit/ratelimit.go:292.40,294.4 1 0
github.com/chilla55/proxy-manager/ratelimit/ratelimit.go:297.2,306.3 1 1
github.com/chilla55/proxy-manager/ratelimit/ratelimit.go:310.74,312.31 2 22
github.com/chilla55/proxy-manager/ratelimit/ratelimit.go:312.31,313.22 1 24
github.com/chilla55/proxy-manager/ratelimit/ratelimit.go:313.22,315.4 1 24
github.com/chilla55/proxy-manager/ratelimit/ratelimit.go:317.2,317.15 1 22
github.com/chilla55/proxy-manager/ratelimit/ratelimit.go:321.40,323.47 1 8
github.com/chilla55/proxy-manager/ratelimit/ratelimit.go:323.47,325.3 1 0
github.com/chilla55/proxy-manager/ratelimit/ratelimit.go:328.2,328.55 1 8
github.com/chilla55/proxy-manager/ratelimit/ratelimit.go:328.55,331.21 2 8
github.com/chilla55/proxy-manager/ratelimit/ratelimit.go:331.21,333.4 1 8
github.com/chilla55/proxy-manager/ratelimit/ratelimit.go:337.2,338.11 2 0
github.com/chilla55/proxy-manager/pii/pii.go:34.39,36.31 1 5
github.com/chilla55/proxy-manager/pii/pii.go:36.31,38.3 1 5
github.com/chilla55/proxy-manager/pii/pii.go:39.2,39.33 1 5
github.com/chilla55/proxy-manager/pii/pii.go:39.33,41.3 1 5
github.com/chilla55/proxy-manager/pii/pii.go:44.2,44.35 1 5
github.com/chilla55/proxy-manager/pii/pii.go:44.35,53.3 1 5
github.com/chilla55/proxy-manager/pii/pii.go:56.2,56.38 1 5
github.com/chilla55/proxy-manager/pii/pii.go:56.38,72.3 1 5
github.com/chilla55/proxy-manager/pii/pii.go:75.2,75.37 1 5
github.com/chilla55/proxy-manager/pii/pii.go:75.37,87.3 1 5
github.com/chilla55/proxy-manager/pii/pii.go:89.2,97.40 2 5
github.com/chilla55/proxy-manager/pii/pii.go:97.40,99.3 1 30
github.com/chilla55/proxy-manager/pii/pii.go:100.2,100.43 1 5
github.com/chilla55/proxy-manager/pii/pii.go:100.43,102.3 1 65
github.com/chilla55/proxy-manager/pii/pii.go:103.2,103.42 1 5
github.com/chilla55/proxy-manager/pii/pii.go:103.42,105.3 1 45
github.com/chilla55/proxy-manager/pii/pii.go:108.2,110.10 2 5
github.com/chilla55/proxy-manager/pii/pii.go:114.43,115.23 1 3
github.com/chilla55/proxy-manager/pii/pii.go:115.23,117.3 1 0
github.com/chilla55/proxy-manager/pii/pii.go:120.2,120.51 1 3
github.com/chilla55/proxy-manager/pii/pii.go:120.51,122.3 1 1
github.com/chilla55/proxy-manager/pii/pii.go:125.2,126.21 2 2
github.com/chilla55/proxy-manager/pii/pii.go:126.21,128.3 1 0
github.com/chilla55/proxy-manager/pii/pii.go:131.2,131.27 1 2
github.com/chilla55/proxy-manager/pii/pii.go:131.27,132.32 1 1
github.com/chilla55/proxy-manager/pii/pii.go:133.21,134.32 1 1
github.com/chilla55/proxy-manager/pii/pii.go:135.15,136.21 1 0
github.com/chilla55/proxy-manager/pii/pii.go:137.15,138.21 1 0
github.com/chilla55/proxy-manager/pii/pii.go:139.11,140.32 1 0
github.com/chilla55/proxy-manager/pii/pii.go:145.2,145.33 1 1
github.com/chilla55/proxy-manager/pii/pii.go:146.17,147.28 1 1
github.com/chilla55/proxy-manager/pii/pii.go:148.14,149.20 1 0
github.com/chilla55/proxy-manager/pii/pii.go:150.14,151.20 1 0
github.com/chilla55/proxy-manager/pii/pii.go:152.10,153.28 1 0
github.com/chilla55/proxy-manager/pii/pii.go:158.63,159.23 1 1
github.com/chilla55/proxy-manager/pii/pii.go:159.23,161.3 1 0
github.com/chilla55/proxy-manager/pii/pii.go:163.2,164.35 2 1
github.com/chilla55/proxy-manager/pii/pii.go:164.35,167.31 2 2
github.com/chilla55/proxy-manager/pii/pii.go:167.31,169.4 1 1
github.com/chilla55/proxy-manager/pii/pii.go:169.9,171.4 1 1
github.com/chilla55/proxy-manager/pii/pii.go:174.2,174.15 1 1
github.com/chilla55/proxy-manager/pii/pii.go:178.63,179.23 1 2
github.com/chilla55/proxy-manager/pii/pii.go:179.23,181.3 1 0
github.com/chilla55/proxy-manager/pii/pii.go:183.2,184.33 2 2
github.com/chilla55/proxy-manager/pii/pii.go:184.33,187.34 2 4
github.com/chilla55/proxy-manager/pii/pii.go:187.34,189.4 1 2
github.com/chilla55/proxy-manager/pii/pii.go:189.9,191.4 1 2
github.com/chilla55/proxy-manager/pii/pii.go:194.2,194.15 1 2
github.com/chilla55/proxy-manager/pii/pii.go:198.48,199.23 1 1
github.com/chilla55/proxy-manager/pii/pii.go:199.23,201.3 1 0
github.com/chilla55/proxy-manager/pii/pii.go:203.2,204.16 2 1
github.com/chilla55/proxy-manager/pii/pii.go:204.16,206.3 1 0
github.com/chilla55/proxy-manager/pii/pii.go:209.2,209.27 1 1
github.com/chilla55/proxy-manager/pii/pii.go:209.27,213.3 3 1
github.com/chilla55/proxy-manager/pii/pii.go:216.2,216.24 1 1
github.com/chilla55/proxy-manager/pii/pii.go:216.24,218.3 1 1
github.com/chilla55/proxy-manager/pii/pii.go:220.2,220.24 1 1
github.com/chilla55/proxy-manager/pii/pii.go:224.46,225.23 1 1
github.com/chilla55/proxy-manager/pii/pii.go:225.23,227.3 1 0
github.com/chilla55/proxy-manager/pii/pii.go:231.2,232.46 2 1
github.com/chilla55/proxy-manager/pii/pii.go:236.89,237.23 1 0
github.com/chilla55/proxy-manager/pii/pii.go:237.23,239.3 1 0
github.com/chilla55/proxy-manager/pii/pii.go:241.2,244.40 1 0
github.com/chilla55/proxy-manager/pii/pii.go:249.42,251.21 2 1
github.com/chilla55/proxy-manager/pii/pii.go:251.21,253.3 1 0
github.com/chilla55/proxy-manager/pii/pii.go:255.2,255.46 1 1
github.com/chilla55/proxy-manager/pii/pii.go:260.39,262.21 2 1
github.com/chilla55/proxy-manager/pii/pii.go:262.21,264.3 1 0
github.com/chilla55/proxy-manager/pii/pii.go:267.2,268.20 2 1
github.com/chilla55/proxy-manager/pii/pii.go:268.20,270.3 1 0
github.com/chilla55/proxy-manager/pii/pii.go:273.2,273.26 1 1
github.com/chilla55/proxy-manager/pii/pii.go:273.26,275.3 1 8
github.com/chilla55/proxy-manager/pii/pii.go:277.2,277.41 1 1
github.com/chilla55/proxy-manager/pii/pii.go:281.31,285.2 1 0
github.com/chilla55/proxy-manager/pii/pii.go:288.34,290.21 2 1
github.com/chilla55/proxy-manager/pii/pii.go:290.21,292.3 1 0
github.com/chilla55/proxy-manager/pii/pii.go:295.2,295.27 1 1
github.com/chilla55/proxy-manager/pii/pii.go:295.27,297.3 1 1
github.com/chilla55/proxy-manager/pii/pii.go:300.2,306.37 2 0
github.com/chilla55/proxy-manager/pii/pii.go:306.37,308.17 2 0
github.com/chilla55/proxy-manager/pii/pii.go:308.17,309.12 1 0
github.com/chilla55/proxy-manager/pii/pii.go:311.3,311.33 1 0
github.com/chilla55/proxy-manager/pii/pii.go:311.33,313.4 1 0
github.com/chilla55/proxy-manager/pii/pii.go:317.2,317.27 1 0
github.com/chilla55/proxy-manager/pii/pii.go:317.27,319.49 1 0
github.com/chilla55/proxy-manager/pii/pii.go:319.49,321.4 1 0
github.com/chilla55/proxy-manager/pii/pii.go:323.3,323.56 1 0
github.com/chilla55/proxy-manager/pii/pii.go:323.56,325.4 1 0
github.com/chilla55/proxy-manager/pii/pii.go:328.2,328.14 1 0
github.com/chilla55/proxy-manager/pii/pii.go:332.57,333.23 1 2
github.com/chilla55/proxy-manager/pii/pii.go:333.23,335.3 1 0
github.com/chilla55/proxy-manager/pii/pii.go:337.2,338.81 2 2
github.com/chilla55/proxy-manager/pii/pii.go:342.52,352.2 1 1
github.com/chilla55/proxy-manager/traffic/traffic.go:141.54,142.21 1 4
github.com/chilla55/proxy-manager/traffic/traffic.go:142.21,144.3 1 0
github.com/chilla55/proxy-manager/traffic/traffic.go:146.2,158.10 4 4
github.com/chilla55/proxy-manager/traffic/traffic.go:162.134,169.41 4 6
github.com/chilla55/proxy-manager/traffic/traffic.go:169.41,176.3 1 4
github.com/chilla55/proxy-manager/traffic/traffic.go:177.2,184.23 8 6
github.com/chilla55/proxy-manager/traffic/traffic.go:184.23,188.3 2 2
github.com/chilla55/proxy-manager/traffic/traffic.go:191.2,191.21 1 6
github.com/chilla55/proxy-manager/traffic/traffic.go:191.21,192.49 1 6
github.com/chilla55/proxy-manager/traffic/traffic.go:192.49,199.4 2 4
github.com/chilla55/proxy-manager/traffic/traffic.go:200.3,204.24 5 6
github.com/chilla55/proxy-manager/traffic/traffic.go:204.24,206.4 1 2
github.com/chilla55/proxy-manager/traffic/traffic.go:210.2,210.45 1 6
github.com/chilla55/proxy-manager/traffic/traffic.go:210.45,216.3 1 4
github.com/chilla55/proxy-manager/traffic/traffic.go:217.2,224.23 8 6
github.com/chilla55/proxy-manager/traffic/traffic.go:224.23,226.3 1 2
github.com/chilla55/proxy-manager/traffic/traffic.go:229.2,230.49 2 6
github.com/chilla55/proxy-manager/traffic/traffic.go:230.49,234.3 1 3
github.com/chilla55/proxy-manager/traffic/traffic.go:235.2,238.23 4 6
github.com/chilla55/proxy-manager/traffic/traffic.go:238.23,240.3 1 2
github.com/chilla55/proxy-manager/traffic/traffic.go:244.54,248.15 3 1
github.com/chilla55/proxy-manager/traffic/traffic.go:248.15,250.3 1 0
github.com/chilla55/proxy-manager/traffic/traffic.go:252.2,280.17 9 1
github.com/chilla55/proxy-manager/traffic/traffic.go:284.50,287.35 2 1
github.com/chilla55/proxy-manager/traffic/traffic.go:287.35,289.29 2 2
github.com/chilla55/proxy-manager/traffic/traffic.go:289.29,291.4 1 2
github.com/chilla55/proxy-manager/traffic/traffic.go:293.3,299.5 1 2
github.com/chilla55/proxy-manager/traffic/traffic.go:303.2,303.43 1 1
github.com/chilla55/proxy-manager/traffic/traffic.go:303.43,305.3 1 1
github.com/chilla55/proxy-manager/traffic/traffic.go:307.2,307.26 1 1
github.com/chilla55/proxy-manager/traffic/traffic.go:307.26,309.3 1 0
github.com/chilla55/proxy-manager/traffic/traffic.go:311.2,311.17 1 1
github.com/chilla55/proxy-manager/traffic/traffic.go:315.54,318.39 2 1
github.com/chilla55/proxy-manager/traffic/traffic.go:318.39,320.29 2 2
github.com/chilla55/proxy-manager/traffic/traffic.go:320.29,322.4 1 2
github.com/chilla55/proxy-manager/traffic/traffic.go:324.3,330.5 1 2
github.com/chilla55/proxy-manager/traffic/traffic.go:334.2,334.43 1 1
github.com/chilla55/proxy-manager/traffic/traffic.go:334.43,336.3 1 1
github.com/chilla55/proxy-manager/traffic/traffic.go:338.2,338.26 1 1
github.com/chilla55/proxy-manager/traffic/traffic.go:338.26,340.3 1 0
github.com/chilla55/proxy-manager/traffic/traffic.go:342.2,342.17 1 1
github.com/chilla55/proxy-manager/traffic/traffic.go:346.64,349.35 2 1
github.com/chilla55/proxy-manager/traffic/traffic.go:349.35,351.29 2 2
github.com/chilla55/proxy-manager/traffic/traffic.go:351.29,353.4 1 2
github.com/chilla55/proxy-manager/traffic/traffic.go:355.3,362.5 1 2
github.com/chilla55/proxy-manager/traffic/traffic.go:366.2,366.43 1 1
github.com/chilla55/proxy-manager/traffic/traffic.go:366.43,368.3 1 1
github.com/chilla55/proxy-manager/traffic/traffic.go:370.2,370.26 1 1
github.com/chilla55/proxy-manager/traffic/traffic.go:370.26,372.3 1 0
github.com/chilla55/proxy-manager/traffic/traffic.go:374.2,374.17 1 1
github.com/chilla55/proxy-manager/traffic/traffic.go:378.51,381.35 2 1
github.com/chilla55/proxy-manager/traffic/traffic.go:381.35,383.62 1 2
github.com/chilla55/proxy-manager/traffic/traffic.go:383.62,385.4 1 0
github.com/chilla55/proxy-manager/traffic/traffic.go:388.2,388.19 1 1
github.com/chilla55/proxy-manager/traffic/traffic.go:392.50,396.34 3 1
github.com/chilla55/proxy-manager/traffic/traffic.go:396.34,398.18 2 2
github.com/chilla55/proxy-manager/traffic/traffic.go:398.18,400.4 1 0
github.com/chilla55/proxy-manager/traffic/traffic.go:403.2,403.24 1 1
github.com/chilla55/proxy-manager/traffic/traffic.go:403.24,405.3 1 0
github.com/chilla55/proxy-manager/traffic/traffic.go:407.2,407.60 1 1
github.com/chilla55/proxy-manager/traffic/traffic.go:411.57,416.35 3 1
github.com/chilla55/proxy-manager/traffic/traffic.go:416.35,417.30 1 2
github.com/chilla55/proxy-manager/traffic/traffic.go:417.30,419.22 2 0
github.com/chilla55/proxy-manager/traffic/traffic.go:419.22,427.5 1 0
github.com/chilla55/proxy-manager/traffic/traffic.go:431.3,431.61 1 2
github.com/chilla55/proxy-manager/traffic/traffic.go:431.61,439.4 1 0
github.com/chilla55/proxy-manager/traffic/traffic.go:443.2,443.39 1 1
github.com/chilla55/proxy-manager/traffic/traffic.go:443.39,444.30 1 2
github.com/chilla55/proxy-manager/traffic/traffic.go:444.30,446.22 2 0
github.com/chilla55/proxy-manager/traffic/traffic.go:446.22,454.5 1 0
github.com/chilla55/proxy-manager/traffic/traffic.go:458.2,458.18 1 1
github.com/chilla55/proxy-manager/traffic/traffic.go:462.55,463.27 1 1
github.com/chilla55/proxy-manager/traffic/traffic.go:463.27,465.3 1 0
github.com/chilla55/proxy-manager/traffic/traffic.go:468.2,469.35 2 1
github.com/chilla55/proxy-manager/traffic/traffic.go:469.35,471.3 1 1
github.com/chilla55/proxy-manager/traffic/traffic.go:472.2,478.35 4 1
github.com/chilla55/proxy-manager/traffic/traffic.go:478.35,479.45 1 1
github.com/chilla55/proxy-manager/traffic/traffic.go:479.45,485.4 1 0
github.com/chilla55/proxy-manager/traffic/traffic.go:489.2,489.40 1 1
github.com/chilla55/proxy-manager/traffic/traffic.go:489.40,491.3 1 0
github.com/chilla55/proxy-manager/traffic/traffic.go:493.2,493.14 1 1
github.com/chilla55/proxy-manager/traffic/traffic.go:497.53,504.38 3 4
github.com/chilla55/proxy-manager/traffic/traffic.go:504.38,505.36 1 44
github.com/chilla55/proxy-manager/traffic/traffic.go:505.36,507.4 1 0
github.com/chilla55/proxy-manager/traffic/traffic.go:510.2,510.14 1 4
github.com/chilla55/proxy-manager/traffic/traffic.go:514.76,518.36 2 4
github.com/chilla55/proxy-manager/traffic/traffic.go:518.36,520.3 1 0
github.com/chilla55/proxy-manager/traffic/traffic.go:520.8,520.44 1 4
github.com/chilla55/proxy-manager/traffic/traffic.go:520.44,522.3 1 0
github.com/chilla55/proxy-manager/traffic/traffic.go:522.8,522.43 1 4
github.com/chilla55/proxy-manager/traffic/traffic.go:522.43,524.3 1 0
github.com/chilla55/proxy-manager/traffic/traffic.go:524.8,524.41 1 4
github.com/chilla55/proxy-manager/traffic/traffic.go:524.41,526.3 1 0
github.com/chilla55/proxy-manager/traffic/traffic.go:529.2,529.37 1 4
github.com/chilla55/proxy-manager/traffic/traffic.go:529.37,531.3 1 0
github.com/chilla55/proxy-manager/traffic/traffic.go:531.8,531.74 1 4
github.com/chilla55/proxy-manager/traffic/traffic.go:531.74,533.3 1 0
github.com/chilla55/proxy-manager/traffic/traffic.go:533.8,533.42 1 4
github.com/chilla55/proxy-manager/traffic/traffic.go:533.42,535.3 1 0
github.com/chilla55/proxy-manager/traffic/traffic.go:535.8,535.44 1 4
github.com/chilla55/proxy-manager/traffic/traffic.go:535.44,537.3 1 0
github.com/chilla55/proxy-manager/traffic/traffic.go:537.8,537.75 1 4
github.com/chilla55/proxy-manager/traffic/traffic.go:537.75,539.3 1 0
github.com/chilla55/proxy-manager/traffic/traffic.go:543.37,544.30 1 4
github.com/chilla55/proxy-manager/traffic/traffic.go:544.30,550.36 3 0
github.com/chilla55/proxy-manager/traffic/traffic.go:550.36,551.31 1 0
github.com/chilla55/proxy-manager/traffic/traffic.go:551.31,553.5 1 0
github.com/chilla55/proxy-manager/traffic/traffic.go:557.3,557.36 1 0
github.com/chilla55/proxy-manager/traffic/traffic.go:557.36,558.31 1 0
github.com/chilla55/proxy-manager/traffic/traffic.go:558.31,560.5 1 0
github.com/chilla55/proxy-manager/traffic/traffic.go:564.3,564.31 1 0
github.com/chilla55/proxy-manager/traffic/traffic.go:564.31,565.19 1 0
github.com/chilla55/proxy-manager/traffic/traffic.go:565.19,567.5 1 0
github.com/chilla55/proxy-manager/traffic/traffic.go:570.3,577.44 2 0
github.com/chilla55/proxy-manager/traffic/traffic.go:582.27,583.28 1 0
github.com/chilla55/proxy-manager/traffic/traffic.go:583.28,585.3 1 0
github.com/chilla55/proxy-manager/traffic/traffic.go:589.55,593.44 3 1
github.com/chilla55/proxy-manager/traffic/traffic.go:593.44,595.3 1 1
github.com/chilla55/proxy-manager/traffic/traffic.go:596.2,596.14 1 0
github.com/chilla55/proxy-manager/traffic/traffic.go:600.34,602.21 2 0
github.com/chilla55/proxy-manager/traffic/traffic.go:602.21,604.3 1 0
github.com/chilla55/proxy-manager/traffic/traffic.go:606.2,616.37 2 0
github.com/chilla55/proxy-manager/traffic/traffic.go:616.37,618.31 2 0
github.com/chilla55/proxy-manager/traffic/traffic.go:618.31,620.4 1 0
github.com/chilla55/proxy-manager/traffic/traffic.go:623.2,623.14 1 0
github.com/chilla55/proxy-manager/traffic/traffic.go:626.32,627.11 1 2
github.com/chilla55/proxy-manager/traffic/traffic.go:627.11,629.3 1 0
github.com/chilla55/proxy-manager/traffic/traffic.go:630.2,630.10 1 2
github.com/chilla55/proxy-manager/metrics/metrics.go:61.32,70.106 2 2
github.com/chilla55/proxy-manager/metrics/metrics.go:70.106,73.3 2 30
github.com/chilla55/proxy-manager/metrics/metrics.go:75.2,75.10 1 2
github.com/chilla55/proxy-manager/metrics/metrics.go:79.32,85.78 2 4
github.com/chilla55/proxy-manager/metrics/metrics.go:85.78,88.3 2 24
github.com/chilla55/proxy-manager/metrics/metrics.go:90.2,90.10 1 4
github.com/chilla55/proxy-manager/metrics/metrics.go:94.126,97.19 2 3
github.com/chilla55/proxy-manager/metrics/metrics.go:97.19,99.3 1 1
github.com/chilla55/proxy-manager/metrics/metrics.go:102.2,107.51 4 3
github.com/chilla55/proxy-manager/metrics/metrics.go:107.51,109.3 1 3
github.com/chilla55/proxy-manager/metrics/metrics.go:109.8,116.3 6 0
github.com/chilla55/proxy-manager/metrics/metrics.go:117.2,123.9 5 3
github.com/chilla55/proxy-manager/metrics/metrics.go:123.9,128.3 2 2
github.com/chilla55/proxy-manager/metrics/metrics.go:129.2,132.19 3 3
github.com/chilla55/proxy-manager/metrics/metrics.go:132.19,134.3 1 1
github.com/chilla55/proxy-manager/metrics/metrics.go:135.2,141.36 5 3
github.com/chilla55/proxy-manager/metrics/metrics.go:145.53,155.41 6 6
github.com/chilla55/proxy-manager/metrics/metrics.go:155.41,156.23 1 36
github.com/chilla55/proxy-manager/metrics/metrics.go:156.23,158.12 2 6
github.com/chilla55/proxy-manager/metrics/metrics.go:161.3,162.17 2 30
github.com/chilla55/proxy-manager/metrics/metrics.go:163.14,164.19 1 6
github.com/chilla55/proxy-manager/metrics/metrics.go:165.14,166.19 1 6
github.com/chilla55/proxy-manager/metrics/metrics.go:167.14,168.19 1 6
github.com/chilla55/proxy-manager/metrics/metrics.go:169.14,170.19 1 6
github.com/chilla55/proxy-manager/metrics/metrics.go:171.15,172.20 1 6
github.com/chilla55/proxy-manager/metrics/metrics.go:175.3,175.27 1 30
github.com/chilla55/proxy-manager/metrics/metrics.go:175.27,177.4 1 22
github.com/chilla55/proxy-manager/metrics/metrics.go:182.50,184.2 1 0
github.com/chilla55/proxy-manager/metrics/metrics.go:187.50,189.2 1 0
github.com/chilla55/proxy-manager/metrics/metrics.go:192.48,194.2 1 0
github.com/chilla55/proxy-manager/metrics/metrics.go:197.38,199.2 1 0
github.com/chilla55/proxy-manager/metrics/metrics.go:202.38,220.50 4 2
github.com/chilla55/proxy-manager/metrics/metrics.go:220.50,222.3 1 30
github.com/chilla55/proxy-manager/metrics/metrics.go:225.2,225.43 1 2
github.com/chilla55/proxy-manager/metrics/metrics.go:225.43,227.22 2 2
github.com/chilla55/proxy-manager/metrics/metrics.go:227.22,229.4 1 2
github.com/chilla55/proxy-manager/metrics/metrics.go:231.3,237.4 1 2
github.com/chilla55/proxy-manager/metrics/metrics.go:241.2,241.29 1 2
github.com/chilla55/proxy-manager/metrics/metrics.go:241.29,243.3 1 2
github.com/chilla55/proxy-manager/metrics/metrics.go:245.2,245.14 1 2
github.com/chilla55/proxy-manager/metrics/metrics.go:273.48,324.52 32 1
github.com/chilla55/proxy-manager/metrics/metrics.go:324.52,326.3 1 15
github.com/chilla55/proxy-manager/metrics/metrics.go:329.2,331.44 3 1
github.com/chilla55/proxy-manager/metrics/metrics.go:331.44,333.3 1 1
github.com/chilla55/proxy-manager/metrics/metrics.go:335.2,337.44 3 1
github.com/chilla55/proxy-manager/metrics/metrics.go:337.44,339.3 1 1
github.com/chilla55/proxy-manager/metrics/metrics.go:341.2,343.44 3 1
github.com/chilla55/proxy-manager/metrics/metrics.go:343.44,345.3 1 1
github.com/chilla55/proxy-manager/metrics/metrics.go:347.2,347.12 1 1
github.com/chilla55/proxy-manager/metrics/metrics.go:351.58,353.2 1 9
github.com/chilla55/proxy-manager/metrics/metrics.go:355.109,357.2 1 18
github.com/chilla55/proxy-manager/metrics/metrics.go:359.41,360.27 1 45
github.com/chilla55/proxy-manager/metrics/metrics.go:361.11,362.29 1 15
github.com/chilla55/proxy-manager/metrics/metrics.go:363.13,364.22 1 1
github.com/chilla55/proxy-manager/metrics/metrics.go:365.14,366.23 1 23
github.com/chilla55/proxy-manager/metrics/metrics.go:367.15,368.24 1 3
github.com/chilla55/proxy-manager/metrics/metrics.go:369.14,370.11 1 3
github.com/chilla55/proxy-manager/metrics/metrics.go:371.10,372.12 1 0
github.com/chilla55/proxy-manager/metrics/metrics.go:376.36,378.2 1 16
github.com/chilla55/proxy-manager/metrics/metrics.go:380.38,382.2 1 23
github.com/chilla55/proxy-manager/metrics/metrics.go:384.40,386.16 1 42
github.com/chilla55/proxy-manager/metrics/metrics.go:386.16,388.3 1 22
github.com/chilla55/proxy-manager/metrics/metrics.go:389.2,389.33 1 20
github.com/chilla55/proxy-manager/metrics/metrics.go:392.46,394.15 2 20
github.com/chilla55/proxy-manager/metrics/metrics.go:394.15,397.3 2 0
github.com/chilla55/proxy-manager/metrics/metrics.go:400.2,400.36 1 20
github.com/chilla55/proxy-manager/metrics/metrics.go:400.36,402.3 1 18
github.com/chilla55/proxy-manager/metrics/metrics.go:402.8,404.3 1 2
github.com/chilla55/proxy-manager/metrics/metrics.go:406.2,406.10 1 20
github.com/chilla55/proxy-manager/metrics/metrics.go:409.42,410.16 1 20
github.com/chilla55/proxy-manager/metrics/metrics.go:410.16,412.3 1 2
github.com/chilla55/proxy-manager/metrics/metrics.go:414.2,416.9 3 18
github.com/chilla55/proxy-manager/metrics/metrics.go:416.9,418.3 1 0
github.com/chilla55/proxy-manager/metrics/metrics.go:420.2,420.16 1 18
github.com/chilla55/proxy-manager/metrics/metrics.go:420.16,423.3 2 48
github.com/chilla55/proxy-manager/metrics/metrics.go:425.2,425.9 1 18
github.com/chilla55/proxy-manager/metrics/metrics.go:425.9,427.3 1 0
github.com/chilla55/proxy-manager/metrics/metrics.go:429.2,429.23 1 18
github.com/chilla55/proxy-manager/metrics/metrics.go:432.64,439.33 4 2
github.com/chilla55/proxy-manager/metrics/metrics.go:439.33,444.3 4 12
github.com/chilla55/proxy-manager/metrics/metrics.go:446.2,446.15 1 2
github.com/chilla55/proxy-manager/metrics/metrics.go:450.32,460.2 2 0
github.com/chilla55/proxy-manager/registry/registry.go:71.98,84.2 1 1
github.com/chilla55/proxy-manager/registry/registry.go:86.47,92.16 5 0
github.com/chilla55/proxy-manager/registry/registry.go:92.16,94.3 1 0
github.com/chilla55/proxy-manager/registry/registry.go:95.2,99.6 3 0
github.com/chilla55/proxy-manager/registry/registry.go:99.6,100.10 1 0
github.com/chilla55/proxy-manager/registry/registry.go:101.21,102.10 1 0
github.com/chilla55/proxy-manager/registry/registry.go:103.11,105.18 2 0
github.com/chilla55/proxy-manager/registry/registry.go:105.18,106.16 1 0
github.com/chilla55/proxy-manager/registry/registry.go:106.16,108.6 1 0
github.com/chilla55/proxy-manager/registry/registry.go:109.5,109.13 1 0
github.com/chilla55/proxy-manager/registry/registry.go:111.4,111.36 1 0
github.com/chilla55/proxy-manager/registry/registry.go:116.73,119.21 2 0
github.com/chilla55/proxy-manager/registry/registry.go:119.21,123.22 3 0
github.com/chilla55/proxy-manager/registry/registry.go:123.22,124.12 1 0
github.com/chilla55/proxy-manager/registry/registry.go:127.3,129.18 2 0
github.com/chilla55/proxy-manager/registry/registry.go:130.19,132.10 2 0
github.com/chilla55/proxy-manager/registry/registry.go:133.20,135.10 2 0
github.com/chilla55/proxy-manager/registry/registry.go:136.16,137.44 1 0
github.com/chilla55/proxy-manager/registry/registry.go:138.17,139.36 1 0
github.com/chilla55/proxy-manager/registry/registry.go:140.18,141.37 1 0
github.com/chilla55/proxy-manager/registry/registry.go:142.19,143.38 1 0
github.com/chilla55/proxy-manager/registry/registry.go:144.19,145.38 1 0
github.com/chilla55/proxy-manager/registry/registry.go:146.22,147.41 1 0
github.com/chilla55/proxy-manager/registry/registry.go:148.21,149.40 1 0
github.com/chilla55/proxy-manager/registry/registry.go:150.11,151.15 1 0
github.com/chilla55/proxy-manager/registry/registry.go:151.15,153.5 1 0
github.com/chilla55/proxy-manager/registry/registry.go:158.87,160.21 1 0
github.com/chilla55/proxy-manager/registry/registry.go:160.21,163.3 2 0
github.com/chilla55/proxy-manager/registry/registry.go:165.2,197.63 16 0
github.com/chilla55/proxy-manager/registry/registry.go:200.88,202.21 1 0
github.com/chilla55/proxy-manager/registry/registry.go:202.21,205.3 2 0
github.com/chilla55/proxy-manager/registry/registry.go:207.2,213.13 5 0
github.com/chilla55/proxy-manager/registry/registry.go:213.13,216.3 2 0
github.com/chilla55/proxy-manager/registry/registry.go:219.2,233.64 10 0
github.com/chilla55/proxy-manager/registry/registry.go:236.108,239.21 1 0
github.com/chilla55/proxy-manager/registry/registry.go:239.21,242.3 2 0
github.com/chilla55/proxy-manager/registry/registry.go:244.2,250.25 6 0
github.com/chilla55/proxy-manager/registry/registry.go:250.25,252.3 1 0
github.com/chilla55/proxy-manager/registry/registry.go:254.2,258.13 4 0
github.com/chilla55/proxy-manager/registry/registry.go:258.13,261.3 2 0
github.com/chilla55/proxy-manager/registry/registry.go:264.2,275.16 4 0
github.com/chilla55/proxy-manager/registry/registry.go:275.16,278.3 2 0
github.com/chilla55/proxy-manager/registry/registry.go:280.2,282.34 2 0
github.com/chilla55/proxy-manager/registry/registry.go:285.85,287.21 1 0
github.com/chilla55/proxy-manager/registry/registry.go:287.21,290.3 2 0
github.com/chilla55/proxy-manager/registry/registry.go:292.2,300.13 7 0
github.com/chilla55/proxy-manager/registry/registry.go:300.13,303.3 2 0
github.com/chilla55/proxy-manager/registry/registry.go:306.2,309.39 2 0
github.com/chilla55/proxy-manager/registry/registry.go:309.39,311.3 1 0
github.com/chilla55/proxy-manager/registry/registry.go:313.2,315.35 2 0
github.com/chilla55/proxy-manager/registry/registry.go:318.86,320.21 1 0
github.com/chilla55/proxy-manager/registry/registry.go:320.21,323.3 2 0
github.com/chilla55/proxy-manager/registry/registry.go:325.2,333.13 7 0
github.com/chilla55/proxy-manager/registry/registry.go:333.13,336.3 2 0
github.com/chilla55/proxy-manager/registry/registry.go:339.2,341.13 2 0
github.com/chilla55/proxy-manager/registry/registry.go:342.66,343.56 1 0
github.com/chilla55/proxy-manager/registry/registry.go:343.56,345.4 1 0
github.com/chilla55/proxy-manager/registry/registry.go:346.52,347.32 1 0
github.com/chilla55/proxy-manager/registry/registry.go:350.2,353.39 2 0
github.com/chilla55/proxy-manager/registry/registry.go:353.39,355.3 1 0
github.com/chilla55/proxy-manager/registry/registry.go:357.2,359.36 2 0
github.com/chilla55/proxy-manager/registry/registry.go:362.87,364.21 1 0
github.com/chilla55/proxy-manager/registry/registry.go:364.21,367.3 2 0
github.com/chilla55/proxy-manager/registry/registry.go:369.2,376.13 6 0
github.com/chilla55/proxy-manager/registry/registry.go:376.13,379.3 2 0
github.com/chilla55/proxy-manager/registry/registry.go:382.2,384.30 2 0
github.com/chilla55/proxy-manager/registry/registry.go:384.30,387.3 2 0
github.com/chilla55/proxy-manager/registry/registry.go:387.8,389.3 1 0
github.com/chilla55/proxy-manager/registry/registry.go:392.87,394.21 1 0
github.com/chilla55/proxy-manager/registry/registry.go:394.21,397.3 2 0
github.com/chilla55/proxy-manager/registry/registry.go:399.2,403.13 4 0
github.com/chilla55/proxy-manager/registry/registry.go:403.13,407.3 3 0
github.com/chilla55/proxy-manager/registry/registry.go:409.2,412.39 2 0
github.com/chilla55/proxy-manager/registry/registry.go:412.39,414.3 1 0
github.com/chilla55/proxy-manager/registry/registry.go:417.2,425.14 7 0
github.com/chilla55/proxy-manager/registry/registry.go:428.96,437.16 7 0
github.com/chilla55/proxy-manager/registry/registry.go:437.16,439.3 1 0
github.com/chilla55/proxy-manager/registry/registry.go:439.8,441.3 1 0
github.com/chilla55/proxy-manager/registry/registry.go:444.74,446.21 1 0
github.com/chilla55/proxy-manager/registry/registry.go:446.21,448.3 1 0
github.com/chilla55/proxy-manager/registry/registry.go:450.2,456.76 5 0
github.com/chilla55/proxy-manager/registry/registry.go:459.73,461.21 1 0
github.com/chilla55/proxy-manager/registry/registry.go:461.21,463.3 1 0
github.com/chilla55/proxy-manager/registry/registry.go:465.2,468.22 4 0
github.com/chilla55/proxy-manager/registry/registry.go:468.22,470.3 1 0
github.com/chilla55/proxy-manager/registry/registry.go:472.2,474.73 2 0
github.com/chilla55/proxy-manager/registry/registry.go:477.68,478.6 1 0
github.com/chilla55/proxy-manager/registry/registry.go:478.6,479.10 1 0
github.com/chilla55/proxy-manager/registry/registry.go:480.21,481.10 1 0
github.com/chilla55/proxy-manager/registry/registry.go:482.35,483.54 1 0
github.com/chilla55/proxy-manager/registry/registry.go:488.67,489.6 1 0
github.com/chilla55/proxy-manager/registry/registry.go:489.6,490.10 1 0
github.com/chilla55/proxy-manager/registry/registry.go:491.21,492.10 1 0
github.com/chilla55/proxy-manager/registry/registry.go:493.34,494.49 1 0
github.com/chilla55/proxy-manager/registry/registry.go:499.74,501.21 2 0
github.com/chilla55/proxy-manager/registry/registry.go:501.21,503.3 1 0
github.com/chilla55/proxy-manager/registry/registry.go:505.2,513.16 5 0
github.com/chilla55/proxy-manager/registry/registry.go:513.16,514.14 1 0
github.com/chilla55/proxy-manager/registry/registry.go:514.14,516.4 1 0
github.com/chilla55/proxy-manager/registry/registry.go:517.3,517.9 1 0
github.com/chilla55/proxy-manager/registry/registry.go:519.2,527.68 6 0
github.com/chilla55/proxy-manager/registry/registry.go:530.69,532.21 2 0
github.com/chilla55/proxy-manager/registry/registry.go:532.21,534.3 1 0
github.com/chilla55/proxy-manager/registry/registry.go:536.2,544.16 5 0
github.com/chilla55/proxy-manager/registry/registry.go:544.16,545.14 1 0
github.com/chilla55/proxy-manager/registry/registry.go:545.14,547.4 1 0
github.com/chilla55/proxy-manager/registry/registry.go:548.3,548.9 1 0
github.com/chilla55/proxy-manager/registry/registry.go:550.2,558.62 6 0
github.com/chilla55/proxy-manager/registry/registry.go:561.64,565.6 3 0
github.com/chilla55/proxy-manager/registry/registry.go:565.6,566.10 1 0
github.com/chilla55/proxy-manager/registry/registry.go:567.21,568.10 1 0
github.com/chilla55/proxy-manager/registry/registry.go:569.19,572.59 3 0
github.com/chilla55/proxy-manager/registry/registry.go:572.59,573.51 1 0
github.com/chilla55/proxy-manager/registry/registry.go:573.51,574.49 1 0
github.com/chilla55/proxy-manager/registry/registry.go:574.49,575.77 1 0
github.com/chilla55/proxy-manager/registry/registry.go:575.77,577.45 1 0
github.com/chilla55/proxy-manager/registry/registry.go:577.45,579.9 1 0
github.com/chilla55/proxy-manager/registry/registry.go:581.8,583.13 3 0
github.com/chilla55/proxy-manager/registry/registry.go:586.6,586.40 1 0
github.com/chilla55/proxy-manager/registry/registry.go:589.4,589.17 1 0
github.com/chilla55/proxy-manager/registry/registry.go:594.37,600.46 4 0
github.com/chilla55/proxy-manager/registry/registry.go:600.46,601.32 1 0
github.com/chilla55/proxy-manager/registry/registry.go:601.32,603.18 2 0
github.com/chilla55/proxy-manager/registry/registry.go:603.18,605.5 1 0
github.com/chilla55/proxy-manager/registry/registry.go:605.10,607.5 1 0
github.com/chilla55/proxy-manager/registry/registry.go:612.65,619.2 5 1
github.com/chilla55/proxy-manager/registry/registry.go:621.78,626.48 4 1
github.com/chilla55/proxy-manager/registry/registry.go:626.48,628.3 1 0
github.com/chilla55/proxy-manager/registry/registry.go:629.2,629.24 1 1
github.com/chilla55/proxy-manager/registry/registry.go:632.65,635.39 2 1
github.com/chilla55/proxy-manager/registry/registry.go:635.39,639.3 3 1
github.com/chilla55/proxy-manager/registry/registry.go:641.2,641.36 1 1
github.com/chilla55/proxy-manager/registry/registry.go:641.36,644.3 2 1
github.com/chilla55/proxy-manager/registry/registry.go:646.2,647.36 2 1
github.com/chilla55/proxy-manager/registry/registry.go:650.53,652.25 2 1
github.com/chilla55/proxy-manager/registry/registry.go:652.25,653.12 1 64
github.com/chilla55/proxy-manager/registry/registry.go:654.47,655.10 1 37
github.com/chilla55/proxy-manager/registry/registry.go:658.2,658.17 1 1
github.com/chilla55/proxy-manager/registry/registry.go:658.17,660.3 1 0
github.com/chilla55/proxy-manager/registry/registry.go:661.2,661.10 1 1
github.com/chilla55/proxy-manager/proxy/proxy.go:97.36,112.2 2 3
github.com/chilla55/proxy-manager/proxy/proxy.go:115.79,137.12 4 0
github.com/chilla55/proxy-manager/proxy/proxy.go:137.12,139.86 2 0
github.com/chilla55/proxy-manager/proxy/proxy.go:139.86,141.4 1 0
github.com/chilla55/proxy-manager/proxy/proxy.go:145.2,145.12 1 0
github.com/chilla55/proxy-manager/proxy/proxy.go:145.12,147.96 2 0
github.com/chilla55/proxy-manager/proxy/proxy.go:147.96,149.4 1 0
github.com/chilla55/proxy-manager/proxy/proxy.go:153.2,153.12 1 0
github.com/chilla55/proxy-manager/proxy/proxy.go:153.12,155.96 2 0
github.com/chilla55/proxy-manager/proxy/proxy.go:155.96,157.4 1 0
github.com/chilla55/proxy-manager/proxy/proxy.go:160.2,161.41 2 0
github.com/chilla55/proxy-manager/proxy/proxy.go:165.68,169.20 2 1
github.com/chilla55/proxy-manager/proxy/proxy.go:169.20,173.3 2 1
github.com/chilla55/proxy-manager/proxy/proxy.go:176.2,180.14 4 0
github.com/chilla55/proxy-manager/proxy/proxy.go:180.14,183.3 2 0
github.com/chilla55/proxy-manager/proxy/proxy.go:186.2,192.31 3 0
github.com/chilla55/proxy-manager/proxy/proxy.go:196.151,202.16 4 1
github.com/chilla55/proxy-manager/proxy/proxy.go:202.16,204.3 1 0
github.com/chilla55/proxy-manager/proxy/proxy.go:207.2,224.33 5 1
github.com/chilla55/proxy-manager/proxy/proxy.go:224.33,227.3 2 1
github.com/chilla55/proxy-manager/proxy/proxy.go:229.2,229.13 1 1
github.com/chilla55/proxy-manager/proxy/proxy.go:229.13,231.3 1 0
github.com/chilla55/proxy-manager/proxy/proxy.go:233.2,233.12 1 1
github.com/chilla55/proxy-manager/proxy/proxy.go:237.61,242.33 3 1
github.com/chilla55/proxy-manager/proxy/proxy.go:242.33,245.3 2 1
github.com/chilla55/proxy-manager/proxy/proxy.go:248.2,249.29 2 1
github.com/chilla55/proxy-manager/proxy/proxy.go:249.29,250.40 1 1
github.com/chilla55/proxy-manager/proxy/proxy.go:250.40,252.4 1 0
github.com/chilla55/proxy-manager/proxy/proxy.go:254.2,256.13 2 1
github.com/chilla55/proxy-manager/proxy/proxy.go:256.13,258.3 1 0
github.com/chilla55/proxy-manager/proxy/proxy.go:262.44,264.2 1 1
github.com/chilla55/proxy-manager/proxy/proxy.go:267.65,273.2 4 1
github.com/chilla55/proxy-manager/proxy/proxy.go:276.58,282.40 4 3
github.com/chilla55/proxy-manager/proxy/proxy.go:282.40,284.3 1 1
github.com/chilla55/proxy-manager/proxy/proxy.go:287.2,290.33 3 2
github.com/chilla55/proxy-manager/proxy/proxy.go:290.33,291.40 1 0
github.com/chilla55/proxy-manager/proxy/proxy.go:291.40,292.54 1 0
github.com/chilla55/proxy-manager/proxy/proxy.go:292.54,293.45 1 0
github.com/chilla55/proxy-manager/proxy/proxy.go:293.45,294.40 1 0
github.com/chilla55/proxy-manager/proxy/proxy.go:294.40,297.7 2 0
github.com/chilla55/proxy-manager/proxy/proxy.go:303.2,303.18 1 2
github.com/chilla55/proxy-manager/proxy/proxy.go:307.54,314.33 5 1
github.com/chilla55/proxy-manager/proxy/proxy.go:314.33,315.40 1 1
github.com/chilla55/proxy-manager/proxy/proxy.go:315.40,316.54 1 1
github.com/chilla55/proxy-manager/proxy/proxy.go:316.54,317.45 1 1
github.com/chilla55/proxy-manager/proxy/proxy.go:317.45,318.40 1 1
github.com/chilla55/proxy-manager/proxy/proxy.go:318.40,321.7 2 1
github.com/chilla55/proxy-manager/proxy/proxy.go:327.2,327.18 1 1
github.com/chilla55/proxy-manager/proxy/proxy.go:331.95,333.33 1 1
github.com/chilla55/proxy-manager/proxy/proxy.go:333.33,334.52 1 0
github.com/chilla55/proxy-manager/proxy/proxy.go:334.52,336.4 1 0
github.com/chilla55/proxy-manager/proxy/proxy.go:340.2,358.43 5 1
github.com/chilla55/proxy-manager/proxy/proxy.go:358.43,364.3 4 0
github.com/chilla55/proxy-manager/proxy/proxy.go:366.2,377.20 2 1
github.com/chilla55/proxy-manager/proxy/proxy.go:377.20,378.57 1 1
github.com/chilla55/proxy-manager/proxy/proxy.go:378.57,380.4 1 0
github.com/chilla55/proxy-manager/proxy/proxy.go:381.3,381.54 1 1
github.com/chilla55/proxy-manager/proxy/proxy.go:381.54,383.4 1 1
github.com/chilla55/proxy-manager/proxy/proxy.go:386.2,386.16 1 1
github.com/chilla55/proxy-manager/proxy/proxy.go:390.68,394.32 2 1
github.com/chilla55/proxy-manager/proxy/proxy.go:394.32,396.3 1 0
github.com/chilla55/proxy-manager/proxy/proxy.go:397.2,397.41 1 1
github.com/chilla55/proxy-manager/proxy/proxy.go:397.41,399.3 1 0
github.com/chilla55/proxy-manager/proxy/proxy.go:400.2,400.40 1 1
github.com/chilla55/proxy-manager/proxy/proxy.go:400.40,402.3 1 0
github.com/chilla55/proxy-manager/proxy/proxy.go:403.2,403.41 1 1
github.com/chilla55/proxy-manager/proxy/proxy.go:403.41,405.3 1 0
github.com/chilla55/proxy-manager/proxy/proxy.go:406.2,406.31 1 1
github.com/chilla55/proxy-manager/proxy/proxy.go:406.31,408.3 1 0
github.com/chilla55/proxy-manager/proxy/proxy.go:409.2,409.42 1 1
github.com/chilla55/proxy-manager/proxy/proxy.go:409.42,411.3 1 0
[...]
github.com/chilla55/proxy-manager/watcher/cert.go:40.2,44.16 3 0
github.com/chilla55/proxy-manager/watcher/cert.go:44.16,46.3 1 0
github.com/chilla55/proxy-manager/watcher/cert.go:49.2,50.53 2 0
github.com/chilla55/proxy-manager/watcher/cert.go:50.53,52.25 2 0
github.com/chilla55/proxy-manager/watcher/cert.go:52.25,53.47 1 0
github.com/chilla55/proxy-manager/watcher/cert.go:53.47,55.5 1 0
github.com/chilla55/proxy-manager/watcher/cert.go:55.10,57.16 2 0
github.com/chilla55/proxy-manager/watcher/cert.go:57.16,59.6 1 0
github.com/chilla55/proxy-manager/watcher/cert.go:63.3,64.45 2 0
github.com/chilla55/proxy-manager/watcher/cert.go:64.45,65.46 1 0
github.com/chilla55/proxy-manager/watcher/cert.go:65.46,67.5 1 0
github.com/chilla55/proxy-manager/watcher/cert.go:67.10,69.16 2 0
github.com/chilla55/proxy-manager/watcher/cert.go:69.16,71.6 1 0
github.com/chilla55/proxy-manager/watcher/cert.go:76.2,76.24 1 0
github.com/chilla55/proxy-manager/watcher/cert.go:76.24,79.3 2 0
github.com/chilla55/proxy-manager/watcher/cert.go:81.2,87.6 4 0
github.com/chilla55/proxy-manager/watcher/cert.go:87.6,88.10 1 0
github.com/chilla55/proxy-manager/watcher/cert.go:89.21,91.14 2 0
github.com/chilla55/proxy-manager/watcher/cert.go:93.19,94.15 1 0
github.com/chilla55/proxy-manager/watcher/cert.go:94.15,96.5 1 0
github.com/chilla55/proxy-manager/watcher/cert.go:97.4,97.26 1 0
github.com/chilla55/proxy-manager/watcher/cert.go:99.38,100.11 1 0
github.com/chilla55/proxy-manager/watcher/cert.go:100.11,102.5 1 0
github.com/chilla55/proxy-manager/watcher/cert.go:105.4,105.96 1 0
github.com/chilla55/proxy-manager/watcher/cert.go:105.96,107.44 1 0
github.com/chilla55/proxy-manager/watcher/cert.go:107.44,108.17 1 0
github.com/chilla55/proxy-manager/watcher/cert.go:108.17,110.7 1 0
github.com/chilla55/proxy-manager/watcher/cert.go:113.6,114.28 2 0
github.com/chilla55/proxy-manager/watcher/cert.go:118.36,119.11 1 0
github.com/chilla55/proxy-manager/watcher/cert.go:119.11,121.5 1 0
github.com/chilla55/proxy-manager/watcher/cert.go:122.4,122.47 1 0
github.com/chilla55/proxy-manager/watcher/cert.go:128.78,132.62 2 0
github.com/chilla55/proxy-manager/watcher/cert.go:132.62,134.3 1 0
github.com/chilla55/proxy-manager/watcher/cert.go:137.2,137.47 1 0
github.com/chilla55/proxy-manager/watcher/cert.go:137.47,138.58 1 0
github.com/chilla55/proxy-manager/watcher/cert.go:138.58,140.4 1 0
github.com/chilla55/proxy-manager/watcher/cert.go:143.2,143.14 1 0
github.com/chilla55/proxy-manager/watcher/cert.go:147.44,149.49 1 0
github.com/chilla55/proxy-manager/watcher/cert.go:149.49,150.14 1 0
github.com/chilla55/proxy-manager/watcher/cert.go:150.14,152.4 1 0
github.com/chilla55/proxy-manager/watcher/cert.go:153.3,153.9 1 0
github.com/chilla55/proxy-manager/watcher/cert.go:156.2,161.16 4 0
github.com/chilla55/proxy-manager/watcher/cert.go:161.16,164.3 2 0
github.com/chilla55/proxy-manager/watcher/cert.go:167.2,168.53 2 0
github.com/chilla55/proxy-manager/watcher/cert.go:168.53,170.17 2 0
github.com/chilla55/proxy-manager/watcher/cert.go:170.17,172.12 2 0
github.com/chilla55/proxy-manager/watcher/cert.go:175.3,175.32 1 0
github.com/chilla55/proxy-manager/watcher/cert.go:175.32,177.12 2 0
github.com/chilla55/proxy-manager/watcher/cert.go:180.3,186.14 3 0
github.com/chilla55/proxy-manager/watcher/cert.go:186.14,188.4 1 0
github.com/chilla55/proxy-manager/watcher/cert.go:191.2,191.28 1 0
github.com/chilla55/proxy-manager/watcher/cert.go:191.28,194.3 2 0
github.com/chilla55/proxy-manager/watcher/cert.go:197.2,198.89 2 0
github.com/chilla55/proxy-manager/watcher/site.go:25.89,32.2 1 1
github.com/chilla55/proxy-manager/watcher/site.go:34.50,40.16 3 0
github.com/chilla55/proxy-manager/watcher/site.go:40.16,43.3 2 0
github.com/chilla55/proxy-manager/watcher/site.go:44.2,46.49 2 0
github.com/chilla55/proxy-manager/watcher/site.go:46.49,49.3 2 0
github.com/chilla55/proxy-manager/watcher/site.go:51.2,53.6 2 0
github.com/chilla55/proxy-manager/watcher/site.go:53.6,54.10 1 0
github.com/chilla55/proxy-manager/watcher/site.go:55.21,56.10 1 0
github.com/chilla55/proxy-manager/watcher/site.go:57.38,58.11 1 0
github.com/chilla55/proxy-manager/watcher/site.go:58.11,60.5 1 0
github.com/chilla55/proxy-manager/watcher/site.go:61.4,61.54 1 0
github.com/chilla55/proxy-manager/watcher/site.go:61.54,62.82 1 0
github.com/chilla55/proxy-manager/watcher/site.go:62.82,64.6 1 0
github.com/chilla55/proxy-manager/watcher/site.go:65.10,65.44 1 0
github.com/chilla55/proxy-manager/watcher/site.go:65.44,66.82 1 0
github.com/chilla55/proxy-manager/watcher/site.go:66.82,68.6 1 0
github.com/chilla55/proxy-manager/watcher/site.go:70.36,71.11 1 0
github.com/chilla55/proxy-manager/watcher/site.go:71.11,73.5 1 0
github.com/chilla55/proxy-manager/watcher/site.go:74.4,74.42 1 0
github.com/chilla55/proxy-manager/watcher/site.go:79.38,81.16 2 0
github.com/chilla55/proxy-manager/watcher/site.go:81.16,84.3 2 0
github.com/chilla55/proxy-manager/watcher/site.go:86.2,87.16 2 0
github.com/chilla55/proxy-manager/watcher/site.go:87.16,89.3 1 0
github.com/chilla55/proxy-manager/watcher/site.go:91.2,91.29 1 0
github.com/chilla55/proxy-manager/watcher/site.go:91.29,93.3 1 0
github.com/chilla55/proxy-manager/watcher/site.go:96.49,98.16 2 1
github.com/chilla55/proxy-manager/watcher/site.go:98.16,101.3 2 0
github.com/chilla55/proxy-manager/watcher/site.go:104.2,104.18 1 1
github.com/chilla55/proxy-manager/watcher/site.go:104.18,105.14 1 0
github.com/chilla55/proxy-manager/watcher/site.go:105.14,107.4 1 0
github.com/chilla55/proxy-manager/watcher/site.go:109.3,109.56 1 0
github.com/chilla55/proxy-manager/watcher/site.go:109.56,112.4 2 0
github.com/chilla55/proxy-manager/watcher/site.go:113.3,113.9 1 0
github.com/chilla55/proxy-manager/watcher/site.go:117.2,117.39 1 1
github.com/chilla55/proxy-manager/watcher/site.go:117.39,120.3 2 0
github.com/chilla55/proxy-manager/watcher/site.go:123.2,124.16 2 1
github.com/chilla55/proxy-manager/watcher/site.go:124.16,127.3 2 0
github.com/chilla55/proxy-manager/watcher/site.go:130.2,130.55 1 1
github.com/chilla55/proxy-manager/watcher/site.go:130.55,132.3 1 0
github.com/chilla55/proxy-manager/watcher/site.go:135.2,135.35 1 1
github.com/chilla55/proxy-manager/watcher/site.go:135.35,138.33 2 1
github.com/chilla55/proxy-manager/watcher/site.go:138.33,140.4 1 1
github.com/chilla55/proxy-manager/watcher/site.go:141.3,141.35 1 1
github.com/chilla55/proxy-manager/watcher/site.go:141.35,143.4 1 1
github.com/chilla55/proxy-manager/watcher/site.go:145.3,154.17 2 1
github.com/chilla55/proxy-manager/watcher/site.go:154.17,156.12 2 0
github.com/chilla55/proxy-manager/watcher/site.go:159.3,159.14 1 1
github.com/chilla55/proxy-manager/watcher/site.go:159.14,162.4 1 1
github.com/chilla55/proxy-manager/watcher/site.go:166.2,167.102 2 1
github.com/chilla55/proxy-manager/watcher/site.go:170.51,174.13 2 0
github.com/chilla55/proxy-manager/watcher/site.go:174.13,176.3 1 0
github.com/chilla55/proxy-manager/watcher/site.go:178.2,178.22 1 0
github.com/chilla55/proxy-manager/watcher/site.go:181.51,183.13 2 1
github.com/chilla55/proxy-manager/watcher/site.go:183.13,185.3 1 0
github.com/chilla55/proxy-manager/watcher/site.go:187.2,190.74 3 1
github.com/chilla55/proxy-manager/watcher/site.go:193.64,194.35 1 1
github.com/chilla55/proxy-manager/watcher/site.go:194.35,197.14 2 1
github.com/chilla55/proxy-manager/watcher/site.go:197.14,199.4 1 1
github.com/chilla55/proxy-manager/waf/waf.go:60.46,61.29 1 5
github.com/chilla55/proxy-manager/waf/waf.go:61.29,63.3 1 5
github.com/chilla55/proxy-manager/waf/waf.go:65.2,78.38 4 5
github.com/chilla55/proxy-manager/waf/waf.go:78.38,80.3 1 0
github.com/chilla55/proxy-manager/waf/waf.go:82.2,82.12 1 5
github.com/chilla55/proxy-manager/waf/waf.go:86.27,202.2 1 5
github.com/chilla55/proxy-manager/waf/waf.go:205.72,206.46 1 4
github.com/chilla55/proxy-manager/waf/waf.go:206.46,207.73 1 4
github.com/chilla55/proxy-manager/waf/waf.go:207.73,208.25 1 4
github.com/chilla55/proxy-manager/waf/waf.go:208.25,211.5 2 0
github.com/chilla55/proxy-manager/waf/waf.go:213.4,216.23 2 4
github.com/chilla55/proxy-manager/waf/waf.go:216.23,219.5 2 0
github.com/chilla55/proxy-manager/waf/waf.go:222.4,222.73 1 4
github.com/chilla55/proxy-manager/waf/waf.go:222.73,224.20 1 4
github.com/chilla55/proxy-manager/waf/waf.go:224.20,226.6 1 4
github.com/chilla55/proxy-manager/waf/waf.go:228.5,235.27 2 4
github.com/chilla55/proxy-manager/waf/waf.go:235.27,238.6 2 3
github.com/chilla55/proxy-manager/waf/waf.go:238.11,240.6 1 1
github.com/chilla55/proxy-manager/waf/waf.go:243.4,243.25 1 1
github.com/chilla55/proxy-manager/waf/waf.go:249.109,251.24 1 4
github.com/chilla55/proxy-manager/waf/waf.go:251.24,252.62 1 2
github.com/chilla55/proxy-manager/waf/waf.go:252.62,254.4 1 2
github.com/chilla55/proxy-manager/waf/waf.go:258.2,258.25 1 2
github.com/chilla55/proxy-manager/waf/waf.go:258.25,259.42 1 1
github.com/chilla55/proxy-manager/waf/waf.go:259.42,260.33 1 1
github.com/chilla55/proxy-manager/waf/waf.go:260.33,261.59 1 1
github.com/chilla55/proxy-manager/waf/waf.go:261.59,263.6 1 1
github.com/chilla55/proxy-manager/waf/waf.go:269.2,269.27 1 1
github.com/chilla55/proxy-manager/waf/waf.go:269.27,270.37 1 1
github.com/chilla55/proxy-manager/waf/waf.go:270.37,272.25 1 1
github.com/chilla55/proxy-manager/waf/waf.go:272.25,273.13 1 0
github.com/chilla55/proxy-manager/waf/waf.go:275.4,275.33 1 1
github.com/chilla55/proxy-manager/waf/waf.go:275.33,276.59 1 1
github.com/chilla55/proxy-manager/waf/waf.go:276.59,278.6 1 1
github.com/chilla55/proxy-manager/waf/waf.go:284.2,284.92 1 0
github.com/chilla55/proxy-manager/waf/waf.go:284.92,285.69 1 0
github.com/chilla55/proxy-manager/waf/waf.go:285.69,288.27 3 0
github.com/chilla55/proxy-manager/waf/waf.go:288.27,289.70 1 0
github.com/chilla55/proxy-manager/waf/waf.go:289.70,291.6 1 0
github.com/chilla55/proxy-manager/waf/waf.go:296.2,296.22 1 0
github.com/chilla55/proxy-manager/waf/waf.go:300.91,303.16 2 4
github.com/chilla55/proxy-manager/waf/waf.go:303.16,305.3 1 0
github.com/chilla55/proxy-manager/waf/waf.go:308.2,308.47 1 4
github.com/chilla55/proxy-manager/waf/waf.go:308.47,309.32 1 4
github.com/chilla55/proxy-manager/waf/waf.go:309.32,310.37 1 31
github.com/chilla55/proxy-manager/waf/waf.go:310.37,318.5 3 4
github.com/chilla55/proxy-manager/waf/waf.go:322.2,322.22 1 0
github.com/chilla55/proxy-manager/waf/waf.go:326.54,327.41 1 4
github.com/chilla55/proxy-manager/waf/waf.go:327.41,329.3 1 0
github.com/chilla55/proxy-manager/waf/waf.go:330.2,330.41 1 4
github.com/chilla55/proxy-manager/waf/waf.go:330.41,332.3 1 3
github.com/chilla55/proxy-manager/waf/waf.go:333.2,333.42 1 1
github.com/chilla55/proxy-manager/waf/waf.go:333.42,335.3 1 1
github.com/chilla55/proxy-manager/waf/waf.go:336.2,336.45 1 0
github.com/chilla55/proxy-manager/waf/waf.go:336.45,338.3 1 0
github.com/chilla55/proxy-manager/waf/waf.go:339.2,339.42 1 0
github.com/chilla55/proxy-manager/waf/waf.go:339.42,341.3 1 0
github.com/chilla55/proxy-manager/waf/waf.go:342.2,342.41 1 0
github.com/chilla55/proxy-manager/waf/waf.go:342.41,344.3 1 0
github.com/chilla55/proxy-manager/waf/waf.go:345.2,345.18 1 0
github.com/chilla55/proxy-manager/waf/waf.go:349.49,363.2 1 1
github.com/chilla55/proxy-manager/waf/waf.go:366.39,384.2 2 1
github.com/chilla55/proxy-manager/waf/waf.go:387.40,388.47 1 4
github.com/chilla55/proxy-manager/waf/waf.go:388.47,390.3 1 0
github.com/chilla55/proxy-manager/waf/waf.go:391.2,391.55 1 4
github.com/chilla55/proxy-manager/waf/waf.go:391.55,393.21 2 0
github.com/chilla55/proxy-manager/waf/waf.go:393.21,395.4 1 0
github.com/chilla55/proxy-manager/waf/waf.go:397.2,398.50 2 4
github.com/chilla55/proxy-manager/waf/waf.go:398.50,400.3 1 4
github.com/chilla55/proxy-manager/waf/waf.go:401.2,401.11 1 4
github.com/chilla55/proxy-manager/waf/waf.go:405.44,406.22 1 4
github.com/chilla55/proxy-manager/waf/waf.go:406.22,408.3 1 4
github.com/chilla55/proxy-manager/waf/waf.go:409.2,409.27 1 0
github.com/chilla55/proxy-manager/waf/waf.go:413.42,419.2 1 0
github.com/chilla55/proxy-manager/health/health.go:60.39,65.2 1 2
github.com/chilla55/proxy-manager/health/health.go:68.101,86.2 4 1
github.com/chilla55/proxy-manager/health/health.go:89.46,92.33 3 0
github.com/chilla55/proxy-manager/health/health.go:92.33,94.3 1 0
github.com/chilla55/proxy-manager/health/health.go:95.2,98.31 2 0
github.com/chilla55/proxy-manager/health/health.go:98.31,100.3 1 0
github.com/chilla55/proxy-manager/health/health.go:102.2,104.32 1 0
github.com/chilla55/proxy-manager/health/health.go:108.75,115.6 4 0
github.com/chilla55/proxy-manager/health/health.go:115.6,116.10 1 0
github.com/chilla55/proxy-manager/health/health.go:117.21,121.10 2 0
github.com/chilla55/proxy-manager/health/health.go:122.19,123.16 1 0
github.com/chilla55/proxy-manager/health/health.go:129.45,134.69 2 2
github.com/chilla55/proxy-manager/health/health.go:134.69,136.4 1 0
github.com/chilla55/proxy-manager/health/health.go:139.2,146.16 6 2
github.com/chilla55/proxy-manager/health/health.go:146.16,153.3 2 0
github.com/chilla55/proxy-manager/health/health.go:153.8,158.66 3 2
github.com/chilla55/proxy-manager/health/health.go:158.66,160.4 1 1
github.com/chilla55/proxy-manager/health/health.go:160.9,162.4 1 1
github.com/chilla55/proxy-manager/health/health.go:164.3,169.33 1 2
github.com/chilla55/proxy-manager/health/health.go:173.2,178.13 5 2
github.com/chilla55/proxy-manager/health/health.go:178.13,182.3 3 1
github.com/chilla55/proxy-manager/health/health.go:182.8,186.3 3 1
github.com/chilla55/proxy-manager/health/health.go:189.2,193.50 3 2
github.com/chilla55/proxy-manager/health/health.go:193.50,199.3 1 1
github.com/chilla55/proxy-manager/health/health.go:199.8,199.83 1 1
github.com/chilla55/proxy-manager/health/health.go:199.83,203.3 1 0
github.com/chilla55/proxy-manager/health/health.go:206.2,206.17 1 2
github.com/chilla55/proxy-manager/health/health.go:206.17,208.17 2 2
github.com/chilla55/proxy-manager/health/health.go:208.17,213.4 1 0
github.com/chilla55/proxy-manager/health/health.go:218.73,219.22 1 6
github.com/chilla55/proxy-manager/health/health.go:219.22,221.3 1 1
github.com/chilla55/proxy-manager/health/health.go:223.2,225.23 2 5
github.com/chilla55/proxy-manager/health/health.go:225.23,227.3 1 2
github.com/chilla55/proxy-manager/health/health.go:227.8,227.30 1 3
github.com/chilla55/proxy-manager/health/health.go:227.30,229.3 1 1
github.com/chilla55/proxy-manager/health/health.go:230.2,230.19 1 2
github.com/chilla55/proxy-manager/health/health.go:234.66,239.9 4 1
github.com/chilla55/proxy-manager/health/health.go:239.9,241.3 1 1
github.com/chilla55/proxy-manager/health/health.go:244.2,259.8 3 0
github.com/chilla55/proxy-manager/health/health.go:263.67,269.36 4 1
github.com/chilla55/proxy-manager/health/health.go:269.36,273.26 3 1
github.com/chilla55/proxy-manager/health/health.go:273.26,275.4 1 0
github.com/chilla55/proxy-manager/health/health.go:277.3,290.19 2 1
github.com/chilla55/proxy-manager/health/health.go:293.2,293.17 1 1
github.com/chilla55/proxy-manager/health/health.go:311.36,315.33 3 1
github.com/chilla55/proxy-manager/health/health.go:315.33,320.27 4 1
github.com/chilla55/proxy-manager/health/health.go:320.27,322.4 1 1
github.com/chilla55/proxy-manager/health/health.go:325.2,325.13 1 0
github.com/chilla55/proxy-manager/health/health.go:329.51,335.36 4 1
github.com/chilla55/proxy-manager/health/health.go:335.36,340.55 4 1
github.com/chilla55/proxy-manager/health/health.go:340.55,342.4 1 1
github.com/chilla55/proxy-manager/health/health.go:345.2,345.18 1 1
github.com/chilla55/proxy-manager/nginx/controller.go:19.44,24.2 1 1
github.com/chilla55/proxy-manager/nginx/controller.go:27.52,31.13 3 2
github.com/chilla55/proxy-manager/nginx/controller.go:31.13,33.3 1 2
github.com/chilla55/proxy-manager/nginx/controller.go:35.2,35.21 1 2
github.com/chilla55/proxy-manager/nginx/controller.go:35.21,36.14 1 1
github.com/chilla55/proxy-manager/nginx/controller.go:36.14,38.4 1 1
github.com/chilla55/proxy-manager/nginx/controller.go:39.3,39.9 1 1
github.com/chilla55/proxy-manager/nginx/controller.go:42.2,43.55 2 1
github.com/chilla55/proxy-manager/nginx/controller.go:43.55,48.3 4 0
github.com/chilla55/proxy-manager/nginx/controller.go:52.53,54.26 2 0
github.com/chilla55/proxy-manager/nginx/controller.go:54.26,56.3 1 0
github.com/chilla55/proxy-manager/nginx/controller.go:57.2,60.32 3 0
github.com/chilla55/proxy-manager/nginx/controller.go:63.57,68.53 3 0
github.com/chilla55/proxy-manager/nginx/controller.go:68.53,71.3 2 0
github.com/chilla55/proxy-manager/nginx/controller.go:74.2,75.34 2 0
github.com/chilla55/proxy-manager/nginx/controller.go:75.34,78.35 2 0
github.com/chilla55/proxy-manager/nginx/controller.go:78.35,81.4 2 0
github.com/chilla55/proxy-manager/nginx/controller.go:84.2,85.12 2 0
github.com/chilla55/proxy-manager/nginx/controller.go:89.41,92.16 3 1
github.com/chilla55/proxy-manager/nginx/controller.go:92.16,93.14 1 1
github.com/chilla55/proxy-manager/nginx/controller.go:93.14,95.4 1 1
github.com/chilla55/proxy-manager/nginx/controller.go:96.3,96.13 1 1
github.com/chilla55/proxy-manager/nginx/controller.go:98.2,98.12 1 0
github.com/chilla55/proxy-manager/middleware/middleware.go:29.48,30.71 1 1
github.com/chilla55/proxy-manager/middleware/middleware.go:30.71,32.22 2 1
github.com/chilla55/proxy-manager/middleware/middleware.go:32.22,34.4 1 1
github.com/chilla55/proxy-manager/middleware/middleware.go:37.3,43.23 4 1
github.com/chilla55/proxy-manager/middleware/middleware.go:48.69,49.46 1 1
github.com/chilla55/proxy-manager/middleware/middleware.go:49.46,50.72 1 1
github.com/chilla55/proxy-manager/middleware/middleware.go:50.72,57.14 5 1
github.com/chilla55/proxy-manager/middleware/middleware.go:57.14,60.5 2 1
github.com/chilla55/proxy-manager/middleware/middleware.go:62.4,62.11 1 1
github.com/chilla55/proxy-manager/middleware/middleware.go:63.16,63.16 0 0
github.com/chilla55/proxy-manager/middleware/middleware.go:65.22,67.46 1 1
github.com/chilla55/proxy-manager/middleware/middleware.go:67.46,73.6 2 1
github.com/chilla55/proxy-manager/middleware/middleware.go:80.70,81.46 1 1
github.com/chilla55/proxy-manager/middleware/middleware.go:81.46,82.72 1 1
github.com/chilla55/proxy-manager/middleware/middleware.go:82.72,83.33 1 1
github.com/chilla55/proxy-manager/middleware/middleware.go:83.33,91.5 3 1
github.com/chilla55/proxy-manager/middleware/middleware.go:94.4,96.24 2 0
github.com/chilla55/proxy-manager/middleware/middleware.go:110.64,111.18 1 1
github.com/chilla55/proxy-manager/middleware/middleware.go:111.18,113.3 1 0
github.com/chilla55/proxy-manager/middleware/middleware.go:115.2,115.45 1 1
github.com/chilla55/proxy-manager/middleware/middleware.go:115.45,119.3 3 1
github.com/chilla55/proxy-manager/middleware/middleware.go:121.2,123.15 3 0
github.com/chilla55/proxy-manager/middleware/middleware.go:127.75,128.46 1 1
github.com/chilla55/proxy-manager/middleware/middleware.go:128.46,129.72 1 1
github.com/chilla55/proxy-manager/middleware/middleware.go:129.72,137.20 3 1
github.com/chilla55/proxy-manager/middleware/middleware.go:137.20,143.5 1 1
github.com/chilla55/proxy-manager/middleware/middleware.go:149.45,150.71 1 0
github.com/chilla55/proxy-manager/middleware/middleware.go:150.71,169.3 5 0
github.com/chilla55/proxy-manager/middleware/middleware.go:178.49,181.2 2 0
github.com/chilla55/proxy-manager/middleware/middleware.go:183.56,187.2 3 0
github.com/chilla55/proxy-manager/middleware/middleware.go:190.81,191.46 1 1
github.com/chilla55/proxy-manager/middleware/middleware.go:191.46,192.72 1 1
github.com/chilla55/proxy-manager/middleware/middleware.go:192.72,193.36 1 1
github.com/chilla55/proxy-manager/middleware/middleware.go:193.36,195.5 1 2
github.com/chilla55/proxy-manager/middleware/middleware.go:196.4,196.24 1 1
github.com/chilla55/proxy-manager/middleware/middleware.go:202.43,203.60 1 3
github.com/chilla55/proxy-manager/middleware/middleware.go:203.60,205.3 1 0
github.com/chilla55/proxy-manager/middleware/middleware.go:206.2,206.18 1 3
